[debug] [2021-04-16T18:32:29.538Z] ----------------------------------------------------------------------
[debug] [2021-04-16T18:32:29.540Z] Command:       C:\Program Files\nodejs\node.exe C:\Users\Aaron\AppData\Roaming\npm\node_modules\firebase-tools\lib\bin\firebase.js emulators:start
[debug] [2021-04-16T18:32:29.541Z] CLI Version:   9.10.0
[debug] [2021-04-16T18:32:29.541Z] Platform:      win32
[debug] [2021-04-16T18:32:29.541Z] Node Version:  v14.16.1
[debug] [2021-04-16T18:32:29.542Z] Time:          Fri Apr 16 2021 14:32:29 GMT-0400 (Eastern Daylight Time)
[debug] [2021-04-16T18:32:29.542Z] ----------------------------------------------------------------------
[debug] 
[debug] [2021-04-16T18:32:29.551Z] > command requires scopes: ["email","openid","https://www.googleapis.com/auth/cloudplatformprojects.readonly","https://www.googleapis.com/auth/firebase","https://www.googleapis.com/auth/cloud-platform"]
[debug] [2021-04-16T18:32:29.552Z] > authorizing via signed-in user (deas.aaron@gmail.com)
[info] i  emulators: Starting emulators: functions, hosting {"metadata":{"emulator":{"name":"hub"},"message":"Starting emulators: functions, hosting"}}
[debug] [2021-04-16T18:32:29.571Z] [hub] writing locator at C:\Users\Aaron\AppData\Local\Temp\hub-clone-a5751.json
[warn] !  functions: The following emulators are not running, calls to these services from the Functions emulator will affect production: auth, firestore, database, pubsub {"metadata":{"emulator":{"name":"functions"},"message":"The following emulators are not running, calls to these services from the Functions emulator will affect production: \u001b[1mauth, firestore, database, pubsub\u001b[22m"}}
[warn] !  Your requested "node" version "12" doesn't match your global version "14" {"metadata":{"emulator":{"name":"functions"},"message":"Your requested \"node\" version \"12\" doesn't match your global version \"14\""}}
[debug] [2021-04-16T18:32:29.592Z] defaultcredentials: writing to file C:\Users\Aaron\AppData\Roaming\firebase\deas_aaron_gmail.com_application_default_credentials.json
[debug] [2021-04-16T18:32:29.592Z] Setting GAC to C:\Users\Aaron\AppData\Roaming\firebase\deas_aaron_gmail.com_application_default_credentials.json {"metadata":{"emulator":{"name":"functions"},"message":"Setting GAC to C:\\Users\\Aaron\\AppData\\Roaming\\firebase\\deas_aaron_gmail.com_application_default_credentials.json"}}
[debug] [2021-04-16T18:32:29.594Z] >>> [apiv2][query] GET https://firebase.googleapis.com/v1beta1/projects/clone-a5751/adminSdkConfig [none]
[debug] [2021-04-16T18:32:29.967Z] <<< [apiv2][status] GET https://firebase.googleapis.com/v1beta1/projects/clone-a5751/adminSdkConfig 200
[debug] [2021-04-16T18:32:29.967Z] <<< [apiv2][body] GET https://firebase.googleapis.com/v1beta1/projects/clone-a5751/adminSdkConfig {"projectId":"clone-a5751","storageBucket":"clone-a5751.appspot.com"}
[debug] [2021-04-16T18:32:29.995Z] >>> [apiv2][query] GET https://firebase.googleapis.com/v1beta1/projects/clone-a5751/webApps/-/config [none]
[debug] [2021-04-16T18:32:30.466Z] <<< [apiv2][status] GET https://firebase.googleapis.com/v1beta1/projects/clone-a5751/webApps/-/config 200
[debug] [2021-04-16T18:32:30.466Z] <<< [apiv2][body] GET https://firebase.googleapis.com/v1beta1/projects/clone-a5751/webApps/-/config {"projectId":"clone-a5751","appId":"1:844713830094:web:ecb3723a78d40ca6e9d29f","storageBucket":"clone-a5751.appspot.com","apiKey":"AIzaSyApFTwnVdkI0dRA97fDmiVtCwsDo1pZ1Vs","authDomain":"clone-a5751.firebaseapp.com","messagingSenderId":"844713830094"}
[info] i  hosting: Serving hosting files from: build {"metadata":{"emulator":{"name":"hosting"},"message":"Serving hosting files from: \u001b[1mbuild\u001b[22m"}}
[info] +  hosting: Local server: http://localhost:5000 {"metadata":{"emulator":{"name":"hosting"},"message":"Local server: \u001b[4m\u001b[1mhttp://localhost:5000\u001b[22m\u001b[24m"}}
[warn] !  ui: Emulator UI unable to start on port 4000, starting on 4001 instead. {"metadata":{"emulator":{"name":"ui"},"message":"Emulator UI unable to start on port 4000, starting on 4001 instead."}}
[debug] [2021-04-16T18:32:30.502Z] Ignoring unsupported arg: auto_download {"metadata":{"emulator":{"name":"ui"},"message":"Ignoring unsupported arg: auto_download"}}
[debug] [2021-04-16T18:32:30.502Z] Ignoring unsupported arg: port {"metadata":{"emulator":{"name":"ui"},"message":"Ignoring unsupported arg: port"}}
[debug] [2021-04-16T18:32:30.502Z] Starting Emulator UI with command {"binary":"node","args":["C:\\Users\\Aaron\\.cache\\firebase\\emulators\\ui-v1.4.2\\server.bundle.js"],"optionalArgs":[],"joinArgs":false} {"metadata":{"emulator":{"name":"ui"},"message":"Starting Emulator UI with command {\"binary\":\"node\",\"args\":[\"C:\\\\Users\\\\Aaron\\\\.cache\\\\firebase\\\\emulators\\\\ui-v1.4.2\\\\server.bundle.js\"],\"optionalArgs\":[],\"joinArgs\":false}"}}
[info] i  ui: Emulator UI logging to ui-debug.log {"metadata":{"emulator":{"name":"ui"},"message":"Emulator UI logging to \u001b[1mui-debug.log\u001b[22m"}}
[debug] [2021-04-16T18:32:30.628Z] Web / API server started at http://localhost:4001
 {"metadata":{"emulator":{"name":"ui"},"message":"Web / API server started at http://localhost:4001\n"}}
[info] i  functions: Watching "E:\Programming\Projects\Clones\amazonclone\functions" for Cloud Functions... {"metadata":{"emulator":{"name":"functions"},"message":"Watching \"E:\\Programming\\Projects\\Clones\\amazonclone\\functions\" for Cloud Functions..."}}
[debug] [2021-04-16T18:32:30.785Z] [worker-pool] addWorker(~diagnostic~) {"metadata":{"emulator":{"name":"functions"},"message":"[worker-pool] addWorker(~diagnostic~)"}}
[debug] [2021-04-16T18:32:30.785Z] [worker-pool] Adding worker with key ~diagnostic~, total=1 {"metadata":{"emulator":{"name":"functions"},"message":"[worker-pool] Adding worker with key ~diagnostic~, total=1"}}
[debug] [2021-04-16T18:32:30.786Z] [worker-pool] submitWork(triggerId=) {"metadata":{"emulator":{"name":"functions"},"message":"[worker-pool] submitWork(triggerId=)"}}
[debug] [2021-04-16T18:32:30.786Z] [worker-~diagnostic~-2a598824-f5a3-4c84-93a3-3a3c13b2ce2c]: Assigning socketPath: \\?\pipe\E:\Programming\Projects\Clones\amazonclone\functions\20204 {"metadata":{"emulator":{"name":"functions"},"message":"[worker-~diagnostic~-2a598824-f5a3-4c84-93a3-3a3c13b2ce2c]: Assigning socketPath: \\\\?\\pipe\\E:\\Programming\\Projects\\Clones\\amazonclone\\functions\\20204"}}
[debug] [2021-04-16T18:32:30.786Z] [worker-~diagnostic~-2a598824-f5a3-4c84-93a3-3a3c13b2ce2c]: BUSY {"metadata":{"emulator":{"name":"functions"},"message":"[worker-~diagnostic~-2a598824-f5a3-4c84-93a3-3a3c13b2ce2c]: BUSY"}}
[debug] [2021-04-16T18:32:31.018Z] [runtime-status] [20204] Functions runtime initialized. {"cwd":"E:\\Programming\\Projects\\Clones\\amazonclone\\functions","node_version":"14.16.1"} {"metadata":{"emulator":{"name":"functions"},"message":"[runtime-status] [20204] Functions runtime initialized. {\"cwd\":\"E:\\\\Programming\\\\Projects\\\\Clones\\\\amazonclone\\\\functions\",\"node_version\":\"14.16.1\"}"}}
[debug] [2021-04-16T18:32:31.018Z] [runtime-status] [20204] Disabled runtime features: undefined {"metadata":{"emulator":{"name":"functions"},"message":"[runtime-status] [20204] Disabled runtime features: undefined"}}
[debug] [2021-04-16T18:32:31.022Z] [runtime-status] [20204] Resolved module firebase-admin {"declared":true,"installed":true,"version":"9.6.0","resolution":"E:\\Programming\\Projects\\Clones\\amazonclone\\functions\\node_modules\\firebase-admin\\lib\\index.js"} {"metadata":{"emulator":{"name":"functions"},"message":"[runtime-status] [20204] Resolved module firebase-admin {\"declared\":true,\"installed\":true,\"version\":\"9.6.0\",\"resolution\":\"E:\\\\Programming\\\\Projects\\\\Clones\\\\amazonclone\\\\functions\\\\node_modules\\\\firebase-admin\\\\lib\\\\index.js\"}"}}
[debug] [2021-04-16T18:32:31.025Z] [runtime-status] [20204] Resolved module firebase-functions {"declared":true,"installed":true,"version":"3.13.2","resolution":"E:\\Programming\\Projects\\Clones\\amazonclone\\functions\\node_modules\\firebase-functions\\lib\\index.js"} {"metadata":{"emulator":{"name":"functions"},"message":"[runtime-status] [20204] Resolved module firebase-functions {\"declared\":true,\"installed\":true,\"version\":\"3.13.2\",\"resolution\":\"E:\\\\Programming\\\\Projects\\\\Clones\\\\amazonclone\\\\functions\\\\node_modules\\\\firebase-functions\\\\lib\\\\index.js\"}"}}
[debug] [2021-04-16T18:32:31.031Z] [runtime-status] [20204] Resolved module firebase-functions {"declared":true,"installed":true,"version":"3.13.2","resolution":"E:\\Programming\\Projects\\Clones\\amazonclone\\functions\\node_modules\\firebase-functions\\lib\\index.js"} {"metadata":{"emulator":{"name":"functions"},"message":"[runtime-status] [20204] Resolved module firebase-functions {\"declared\":true,\"installed\":true,\"version\":\"3.13.2\",\"resolution\":\"E:\\\\Programming\\\\Projects\\\\Clones\\\\amazonclone\\\\functions\\\\node_modules\\\\firebase-functions\\\\lib\\\\index.js\"}"}}
[debug] [2021-04-16T18:32:31.031Z] [runtime-status] [20204] Outgoing network have been stubbed. [{"name":"http","status":"mocked"},{"name":"http","status":"mocked"},{"name":"https","status":"mocked"},{"name":"https","status":"mocked"},{"name":"net","status":"mocked"}] {"metadata":{"emulator":{"name":"functions"},"message":"[runtime-status] [20204] Outgoing network have been stubbed. [{\"name\":\"http\",\"status\":\"mocked\"},{\"name\":\"http\",\"status\":\"mocked\"},{\"name\":\"https\",\"status\":\"mocked\"},{\"name\":\"https\",\"status\":\"mocked\"},{\"name\":\"net\",\"status\":\"mocked\"}]"}}
[debug] [2021-04-16T18:32:31.032Z] [runtime-status] [20204] Resolved module firebase-functions {"declared":true,"installed":true,"version":"3.13.2","resolution":"E:\\Programming\\Projects\\Clones\\amazonclone\\functions\\node_modules\\firebase-functions\\lib\\index.js"} {"metadata":{"emulator":{"name":"functions"},"message":"[runtime-status] [20204] Resolved module firebase-functions {\"declared\":true,\"installed\":true,\"version\":\"3.13.2\",\"resolution\":\"E:\\\\Programming\\\\Projects\\\\Clones\\\\amazonclone\\\\functions\\\\node_modules\\\\firebase-functions\\\\lib\\\\index.js\"}"}}
[debug] [2021-04-16T18:32:31.101Z] [runtime-status] [20204] Checked functions.config() {"config":{}} {"metadata":{"emulator":{"name":"functions"},"message":"[runtime-status] [20204] Checked functions.config() {\"config\":{}}"}}
[debug] [2021-04-16T18:32:31.101Z] [runtime-status] [20204] firebase-functions has been stubbed. {"functionsResolution":{"declared":true,"installed":true,"version":"3.13.2","resolution":"E:\\Programming\\Projects\\Clones\\amazonclone\\functions\\node_modules\\firebase-functions\\lib\\index.js"}} {"metadata":{"emulator":{"name":"functions"},"message":"[runtime-status] [20204] firebase-functions has been stubbed. {\"functionsResolution\":{\"declared\":true,\"installed\":true,\"version\":\"3.13.2\",\"resolution\":\"E:\\\\Programming\\\\Projects\\\\Clones\\\\amazonclone\\\\functions\\\\node_modules\\\\firebase-functions\\\\lib\\\\index.js\"}}"}}
[debug] [2021-04-16T18:32:31.101Z] [runtime-status] [20204] Resolved module firebase-functions {"declared":true,"installed":true,"version":"3.13.2","resolution":"E:\\Programming\\Projects\\Clones\\amazonclone\\functions\\node_modules\\firebase-functions\\lib\\index.js"} {"metadata":{"emulator":{"name":"functions"},"message":"[runtime-status] [20204] Resolved module firebase-functions {\"declared\":true,\"installed\":true,\"version\":\"3.13.2\",\"resolution\":\"E:\\\\Programming\\\\Projects\\\\Clones\\\\amazonclone\\\\functions\\\\node_modules\\\\firebase-functions\\\\lib\\\\index.js\"}"}}
[debug] [2021-04-16T18:32:31.103Z] [runtime-status] [20204] Resolved module firebase-admin {"declared":true,"installed":true,"version":"9.6.0","resolution":"E:\\Programming\\Projects\\Clones\\amazonclone\\functions\\node_modules\\firebase-admin\\lib\\index.js"} {"metadata":{"emulator":{"name":"functions"},"message":"[runtime-status] [20204] Resolved module firebase-admin {\"declared\":true,\"installed\":true,\"version\":\"9.6.0\",\"resolution\":\"E:\\\\Programming\\\\Projects\\\\Clones\\\\amazonclone\\\\functions\\\\node_modules\\\\firebase-admin\\\\lib\\\\index.js\"}"}}
[debug] [2021-04-16T18:32:31.104Z] [runtime-status] [20204] Resolved module firebase-functions {"declared":true,"installed":true,"version":"3.13.2","resolution":"E:\\Programming\\Projects\\Clones\\amazonclone\\functions\\node_modules\\firebase-functions\\lib\\index.js"} {"metadata":{"emulator":{"name":"functions"},"message":"[runtime-status] [20204] Resolved module firebase-functions {\"declared\":true,\"installed\":true,\"version\":\"3.13.2\",\"resolution\":\"E:\\\\Programming\\\\Projects\\\\Clones\\\\amazonclone\\\\functions\\\\node_modules\\\\firebase-functions\\\\lib\\\\index.js\"}"}}
[debug] [2021-04-16T18:32:31.104Z] [runtime-status] [20204] firebase-admin has been stubbed. {"adminResolution":{"declared":true,"installed":true,"version":"9.6.0","resolution":"E:\\Programming\\Projects\\Clones\\amazonclone\\functions\\node_modules\\firebase-admin\\lib\\index.js"}} {"metadata":{"emulator":{"name":"functions"},"message":"[runtime-status] [20204] firebase-admin has been stubbed. {\"adminResolution\":{\"declared\":true,\"installed\":true,\"version\":\"9.6.0\",\"resolution\":\"E:\\\\Programming\\\\Projects\\\\Clones\\\\amazonclone\\\\functions\\\\node_modules\\\\firebase-admin\\\\lib\\\\index.js\"}}"}}
[info] +  functions[api]: http function initialized (http://localhost:5001/clone-a5751/us-central1/api). {"metadata":{"emulator":{"name":"functions"},"message":"\u001b[1mhttp\u001b[22m function initialized (http://localhost:5001/clone-a5751/us-central1/api)."}}
[info] 
┌─────────────────────────────────────────────────────────────┐
│ ✔  All emulators ready! It is now safe to connect your app. │
│ i  View Emulator UI at http://localhost:4001                │
└─────────────────────────────────────────────────────────────┘

┌───────────┬────────────────┬─────────────────────────────────┐
│ Emulator  │ Host:Port      │ View in Emulator UI             │
├───────────┼────────────────┼─────────────────────────────────┤
│ Functions │ localhost:5001 │ http://localhost:4001/functions │
├───────────┼────────────────┼─────────────────────────────────┤
│ Hosting   │ localhost:5000 │ n/a                             │
└───────────┴────────────────┴─────────────────────────────────┘
  Emulator Hub running at localhost:4400
  Other reserved ports: 4500

Issues? Report them at https://github.com/firebase/firebase-tools/issues and attach the *-debug.log files.
 
[debug] [2021-04-16T18:32:31.392Z] [worker-~diagnostic~-2a598824-f5a3-4c84-93a3-3a3c13b2ce2c]: IDLE {"metadata":{"emulator":{"name":"functions"},"message":"[worker-~diagnostic~-2a598824-f5a3-4c84-93a3-3a3c13b2ce2c]: IDLE"}}
[debug] [2021-04-16T18:43:54.516Z] ----------------------------------------------------------------------
[debug] [2021-04-16T18:43:54.518Z] Command:       C:\Program Files\nodejs\node.exe C:\Users\Aaron\AppData\Roaming\npm\node_modules\firebase-tools\lib\bin\firebase.js emulators:start
[debug] [2021-04-16T18:43:54.518Z] CLI Version:   9.10.0
[debug] [2021-04-16T18:43:54.518Z] Platform:      win32
[debug] [2021-04-16T18:43:54.518Z] Node Version:  v14.16.1
[debug] [2021-04-16T18:43:54.519Z] Time:          Fri Apr 16 2021 14:43:54 GMT-0400 (Eastern Daylight Time)
[debug] [2021-04-16T18:43:54.519Z] ----------------------------------------------------------------------
[debug] 
[debug] [2021-04-16T18:43:54.529Z] > command requires scopes: ["email","openid","https://www.googleapis.com/auth/cloudplatformprojects.readonly","https://www.googleapis.com/auth/firebase","https://www.googleapis.com/auth/cloud-platform"]
[debug] [2021-04-16T18:43:54.529Z] > authorizing via signed-in user (deas.aaron@gmail.com)
[info] i  emulators: Starting emulators: functions, hosting {"metadata":{"emulator":{"name":"hub"},"message":"Starting emulators: functions, hosting"}}
[warn] !  emulators: It seems that you are running multiple instances of the emulator suite for project clone-a5751. This may result in unexpected behavior. 
[debug] [2021-04-16T18:43:54.548Z] [hub] writing locator at C:\Users\Aaron\AppData\Local\Temp\hub-clone-a5751.json
[warn] !  functions: The following emulators are not running, calls to these services from the Functions emulator will affect production: auth, firestore, database, pubsub {"metadata":{"emulator":{"name":"functions"},"message":"The following emulators are not running, calls to these services from the Functions emulator will affect production: \u001b[1mauth, firestore, database, pubsub\u001b[22m"}}
[warn] !  Your requested "node" version "12" doesn't match your global version "14" {"metadata":{"emulator":{"name":"functions"},"message":"Your requested \"node\" version \"12\" doesn't match your global version \"14\""}}
[debug] [2021-04-16T18:43:54.567Z] defaultcredentials: writing to file C:\Users\Aaron\AppData\Roaming\firebase\deas_aaron_gmail.com_application_default_credentials.json
[debug] [2021-04-16T18:43:54.568Z] Setting GAC to C:\Users\Aaron\AppData\Roaming\firebase\deas_aaron_gmail.com_application_default_credentials.json {"metadata":{"emulator":{"name":"functions"},"message":"Setting GAC to C:\\Users\\Aaron\\AppData\\Roaming\\firebase\\deas_aaron_gmail.com_application_default_credentials.json"}}
[debug] [2021-04-16T18:43:54.569Z] >>> [apiv2][query] GET https://firebase.googleapis.com/v1beta1/projects/clone-a5751/adminSdkConfig [none]
[debug] [2021-04-16T18:43:54.887Z] <<< [apiv2][status] GET https://firebase.googleapis.com/v1beta1/projects/clone-a5751/adminSdkConfig 200
[debug] [2021-04-16T18:43:54.887Z] <<< [apiv2][body] GET https://firebase.googleapis.com/v1beta1/projects/clone-a5751/adminSdkConfig {"projectId":"clone-a5751","storageBucket":"clone-a5751.appspot.com"}
[debug] [2021-04-16T18:43:54.902Z] >>> [apiv2][query] GET https://firebase.googleapis.com/v1beta1/projects/clone-a5751/webApps/-/config [none]
[debug] [2021-04-16T18:43:55.313Z] <<< [apiv2][status] GET https://firebase.googleapis.com/v1beta1/projects/clone-a5751/webApps/-/config 200
[debug] [2021-04-16T18:43:55.313Z] <<< [apiv2][body] GET https://firebase.googleapis.com/v1beta1/projects/clone-a5751/webApps/-/config {"projectId":"clone-a5751","appId":"1:844713830094:web:ecb3723a78d40ca6e9d29f","storageBucket":"clone-a5751.appspot.com","apiKey":"AIzaSyApFTwnVdkI0dRA97fDmiVtCwsDo1pZ1Vs","authDomain":"clone-a5751.firebaseapp.com","messagingSenderId":"844713830094"}
[info] i  hosting: Serving hosting files from: build {"metadata":{"emulator":{"name":"hosting"},"message":"Serving hosting files from: \u001b[1mbuild\u001b[22m"}}
[info] +  hosting: Local server: http://localhost:5000 {"metadata":{"emulator":{"name":"hosting"},"message":"Local server: \u001b[4m\u001b[1mhttp://localhost:5000\u001b[22m\u001b[24m"}}
[debug] [2021-04-16T18:43:55.343Z] Ignoring unsupported arg: auto_download {"metadata":{"emulator":{"name":"ui"},"message":"Ignoring unsupported arg: auto_download"}}
[debug] [2021-04-16T18:43:55.343Z] Ignoring unsupported arg: port {"metadata":{"emulator":{"name":"ui"},"message":"Ignoring unsupported arg: port"}}
[debug] [2021-04-16T18:43:55.344Z] Starting Emulator UI with command {"binary":"node","args":["C:\\Users\\Aaron\\.cache\\firebase\\emulators\\ui-v1.4.2\\server.bundle.js"],"optionalArgs":[],"joinArgs":false} {"metadata":{"emulator":{"name":"ui"},"message":"Starting Emulator UI with command {\"binary\":\"node\",\"args\":[\"C:\\\\Users\\\\Aaron\\\\.cache\\\\firebase\\\\emulators\\\\ui-v1.4.2\\\\server.bundle.js\"],\"optionalArgs\":[],\"joinArgs\":false}"}}
[info] i  ui: Emulator UI logging to ui-debug.log {"metadata":{"emulator":{"name":"ui"},"message":"Emulator UI logging to \u001b[1mui-debug.log\u001b[22m"}}
[debug] [2021-04-16T18:43:55.459Z] Web / API server started at http://localhost:4000
 {"metadata":{"emulator":{"name":"ui"},"message":"Web / API server started at http://localhost:4000\n"}}
[info] i  functions: Watching "E:\Programming\Projects\Clones\amazonclone\functions" for Cloud Functions... {"metadata":{"emulator":{"name":"functions"},"message":"Watching \"E:\\Programming\\Projects\\Clones\\amazonclone\\functions\" for Cloud Functions..."}}
[debug] [2021-04-16T18:43:55.627Z] [worker-pool] addWorker(~diagnostic~) {"metadata":{"emulator":{"name":"functions"},"message":"[worker-pool] addWorker(~diagnostic~)"}}
[debug] [2021-04-16T18:43:55.627Z] [worker-pool] Adding worker with key ~diagnostic~, total=1 {"metadata":{"emulator":{"name":"functions"},"message":"[worker-pool] Adding worker with key ~diagnostic~, total=1"}}
[debug] [2021-04-16T18:43:55.628Z] [worker-pool] submitWork(triggerId=) {"metadata":{"emulator":{"name":"functions"},"message":"[worker-pool] submitWork(triggerId=)"}}
[debug] [2021-04-16T18:43:55.628Z] [worker-~diagnostic~-ca12b693-4264-44f0-b625-c6fc9454d77f]: Assigning socketPath: \\?\pipe\E:\Programming\Projects\Clones\amazonclone\functions\18276 {"metadata":{"emulator":{"name":"functions"},"message":"[worker-~diagnostic~-ca12b693-4264-44f0-b625-c6fc9454d77f]: Assigning socketPath: \\\\?\\pipe\\E:\\Programming\\Projects\\Clones\\amazonclone\\functions\\18276"}}
[debug] [2021-04-16T18:43:55.628Z] [worker-~diagnostic~-ca12b693-4264-44f0-b625-c6fc9454d77f]: BUSY {"metadata":{"emulator":{"name":"functions"},"message":"[worker-~diagnostic~-ca12b693-4264-44f0-b625-c6fc9454d77f]: BUSY"}}
[debug] [2021-04-16T18:43:55.849Z] [runtime-status] [18276] Functions runtime initialized. {"cwd":"E:\\Programming\\Projects\\Clones\\amazonclone\\functions","node_version":"14.16.1"} {"metadata":{"emulator":{"name":"functions"},"message":"[runtime-status] [18276] Functions runtime initialized. {\"cwd\":\"E:\\\\Programming\\\\Projects\\\\Clones\\\\amazonclone\\\\functions\",\"node_version\":\"14.16.1\"}"}}
[debug] [2021-04-16T18:43:55.849Z] [runtime-status] [18276] Disabled runtime features: undefined {"metadata":{"emulator":{"name":"functions"},"message":"[runtime-status] [18276] Disabled runtime features: undefined"}}
[debug] [2021-04-16T18:43:55.858Z] [runtime-status] [18276] Resolved module firebase-admin {"declared":true,"installed":true,"version":"9.6.0","resolution":"E:\\Programming\\Projects\\Clones\\amazonclone\\functions\\node_modules\\firebase-admin\\lib\\index.js"} {"metadata":{"emulator":{"name":"functions"},"message":"[runtime-status] [18276] Resolved module firebase-admin {\"declared\":true,\"installed\":true,\"version\":\"9.6.0\",\"resolution\":\"E:\\\\Programming\\\\Projects\\\\Clones\\\\amazonclone\\\\functions\\\\node_modules\\\\firebase-admin\\\\lib\\\\index.js\"}"}}
[debug] [2021-04-16T18:43:55.871Z] [runtime-status] [18276] Resolved module firebase-functions {"declared":true,"installed":true,"version":"3.13.2","resolution":"E:\\Programming\\Projects\\Clones\\amazonclone\\functions\\node_modules\\firebase-functions\\lib\\index.js"} {"metadata":{"emulator":{"name":"functions"},"message":"[runtime-status] [18276] Resolved module firebase-functions {\"declared\":true,\"installed\":true,\"version\":\"3.13.2\",\"resolution\":\"E:\\\\Programming\\\\Projects\\\\Clones\\\\amazonclone\\\\functions\\\\node_modules\\\\firebase-functions\\\\lib\\\\index.js\"}"}}
[debug] [2021-04-16T18:43:55.871Z] [runtime-status] [18276] Resolved module firebase-functions {"declared":true,"installed":true,"version":"3.13.2","resolution":"E:\\Programming\\Projects\\Clones\\amazonclone\\functions\\node_modules\\firebase-functions\\lib\\index.js"} {"metadata":{"emulator":{"name":"functions"},"message":"[runtime-status] [18276] Resolved module firebase-functions {\"declared\":true,\"installed\":true,\"version\":\"3.13.2\",\"resolution\":\"E:\\\\Programming\\\\Projects\\\\Clones\\\\amazonclone\\\\functions\\\\node_modules\\\\firebase-functions\\\\lib\\\\index.js\"}"}}
[debug] [2021-04-16T18:43:55.872Z] [runtime-status] [18276] Outgoing network have been stubbed. [{"name":"http","status":"mocked"},{"name":"http","status":"mocked"},{"name":"https","status":"mocked"},{"name":"https","status":"mocked"},{"name":"net","status":"mocked"}] {"metadata":{"emulator":{"name":"functions"},"message":"[runtime-status] [18276] Outgoing network have been stubbed. [{\"name\":\"http\",\"status\":\"mocked\"},{\"name\":\"http\",\"status\":\"mocked\"},{\"name\":\"https\",\"status\":\"mocked\"},{\"name\":\"https\",\"status\":\"mocked\"},{\"name\":\"net\",\"status\":\"mocked\"}]"}}
[debug] [2021-04-16T18:43:55.872Z] [runtime-status] [18276] Resolved module firebase-functions {"declared":true,"installed":true,"version":"3.13.2","resolution":"E:\\Programming\\Projects\\Clones\\amazonclone\\functions\\node_modules\\firebase-functions\\lib\\index.js"} {"metadata":{"emulator":{"name":"functions"},"message":"[runtime-status] [18276] Resolved module firebase-functions {\"declared\":true,\"installed\":true,\"version\":\"3.13.2\",\"resolution\":\"E:\\\\Programming\\\\Projects\\\\Clones\\\\amazonclone\\\\functions\\\\node_modules\\\\firebase-functions\\\\lib\\\\index.js\"}"}}
[debug] [2021-04-16T18:43:56.455Z] [runtime-status] [18276] Checked functions.config() {"config":{}} {"metadata":{"emulator":{"name":"functions"},"message":"[runtime-status] [18276] Checked functions.config() {\"config\":{}}"}}
[debug] [2021-04-16T18:43:56.455Z] [runtime-status] [18276] firebase-functions has been stubbed. {"functionsResolution":{"declared":true,"installed":true,"version":"3.13.2","resolution":"E:\\Programming\\Projects\\Clones\\amazonclone\\functions\\node_modules\\firebase-functions\\lib\\index.js"}} {"metadata":{"emulator":{"name":"functions"},"message":"[runtime-status] [18276] firebase-functions has been stubbed. {\"functionsResolution\":{\"declared\":true,\"installed\":true,\"version\":\"3.13.2\",\"resolution\":\"E:\\\\Programming\\\\Projects\\\\Clones\\\\amazonclone\\\\functions\\\\node_modules\\\\firebase-functions\\\\lib\\\\index.js\"}}"}}
[debug] [2021-04-16T18:43:56.455Z] [runtime-status] [18276] Resolved module firebase-functions {"declared":true,"installed":true,"version":"3.13.2","resolution":"E:\\Programming\\Projects\\Clones\\amazonclone\\functions\\node_modules\\firebase-functions\\lib\\index.js"} {"metadata":{"emulator":{"name":"functions"},"message":"[runtime-status] [18276] Resolved module firebase-functions {\"declared\":true,\"installed\":true,\"version\":\"3.13.2\",\"resolution\":\"E:\\\\Programming\\\\Projects\\\\Clones\\\\amazonclone\\\\functions\\\\node_modules\\\\firebase-functions\\\\lib\\\\index.js\"}"}}
[debug] [2021-04-16T18:43:56.457Z] [runtime-status] [18276] Resolved module firebase-admin {"declared":true,"installed":true,"version":"9.6.0","resolution":"E:\\Programming\\Projects\\Clones\\amazonclone\\functions\\node_modules\\firebase-admin\\lib\\index.js"} {"metadata":{"emulator":{"name":"functions"},"message":"[runtime-status] [18276] Resolved module firebase-admin {\"declared\":true,\"installed\":true,\"version\":\"9.6.0\",\"resolution\":\"E:\\\\Programming\\\\Projects\\\\Clones\\\\amazonclone\\\\functions\\\\node_modules\\\\firebase-admin\\\\lib\\\\index.js\"}"}}
[debug] [2021-04-16T18:43:56.458Z] [runtime-status] [18276] Resolved module firebase-functions {"declared":true,"installed":true,"version":"3.13.2","resolution":"E:\\Programming\\Projects\\Clones\\amazonclone\\functions\\node_modules\\firebase-functions\\lib\\index.js"} {"metadata":{"emulator":{"name":"functions"},"message":"[runtime-status] [18276] Resolved module firebase-functions {\"declared\":true,\"installed\":true,\"version\":\"3.13.2\",\"resolution\":\"E:\\\\Programming\\\\Projects\\\\Clones\\\\amazonclone\\\\functions\\\\node_modules\\\\firebase-functions\\\\lib\\\\index.js\"}"}}
[debug] [2021-04-16T18:43:56.458Z] [runtime-status] [18276] firebase-admin has been stubbed. {"adminResolution":{"declared":true,"installed":true,"version":"9.6.0","resolution":"E:\\Programming\\Projects\\Clones\\amazonclone\\functions\\node_modules\\firebase-admin\\lib\\index.js"}} {"metadata":{"emulator":{"name":"functions"},"message":"[runtime-status] [18276] firebase-admin has been stubbed. {\"adminResolution\":{\"declared\":true,\"installed\":true,\"version\":\"9.6.0\",\"resolution\":\"E:\\\\Programming\\\\Projects\\\\Clones\\\\amazonclone\\\\functions\\\\node_modules\\\\firebase-admin\\\\lib\\\\index.js\"}}"}}
[info] +  functions[api]: http function initialized (http://localhost:5001/clone-a5751/us-central1/api). {"metadata":{"emulator":{"name":"functions"},"message":"\u001b[1mhttp\u001b[22m function initialized (http://localhost:5001/clone-a5751/us-central1/api)."}}
[info] 
┌─────────────────────────────────────────────────────────────┐
│ ✔  All emulators ready! It is now safe to connect your app. │
│ i  View Emulator UI at http://localhost:4000                │
└─────────────────────────────────────────────────────────────┘

┌───────────┬────────────────┬─────────────────────────────────┐
│ Emulator  │ Host:Port      │ View in Emulator UI             │
├───────────┼────────────────┼─────────────────────────────────┤
│ Functions │ localhost:5001 │ http://localhost:4000/functions │
├───────────┼────────────────┼─────────────────────────────────┤
│ Hosting   │ localhost:5000 │ n/a                             │
└───────────┴────────────────┴─────────────────────────────────┘
  Emulator Hub running at localhost:4400
  Other reserved ports: 4500

Issues? Report them at https://github.com/firebase/firebase-tools/issues and attach the *-debug.log files.
 
[debug] [2021-04-16T18:43:57.691Z] [worker-~diagnostic~-ca12b693-4264-44f0-b625-c6fc9454d77f]: IDLE {"metadata":{"emulator":{"name":"functions"},"message":"[worker-~diagnostic~-ca12b693-4264-44f0-b625-c6fc9454d77f]: IDLE"}}
[debug] [2021-04-16T18:51:25.539Z] [work-queue] {"queueLength":1,"workRunningCount":0}
[debug] [2021-04-16T18:51:25.539Z] [work-queue] {"queueLength":0,"workRunningCount":1}
[debug] [2021-04-16T18:51:25.540Z] Accepted request GET /clone-a5751/us-central1/api --> api
[debug] [2021-04-16T18:51:25.545Z] [worker-pool] addWorker(api) {"metadata":{"emulator":{"name":"functions"},"message":"[worker-pool] addWorker(api)"}}
[debug] [2021-04-16T18:51:25.545Z] [worker-pool] Adding worker with key api, total=1 {"metadata":{"emulator":{"name":"functions"},"message":"[worker-pool] Adding worker with key api, total=1"}}
[debug] [2021-04-16T18:51:25.545Z] [worker-pool] submitWork(triggerId=api) {"metadata":{"emulator":{"name":"functions"},"message":"[worker-pool] submitWork(triggerId=api)"}}
[debug] [2021-04-16T18:51:25.545Z] [worker-api-8fbd3710-0f69-418d-9098-c7606908ba9d]: Assigning socketPath: \\?\pipe\E:\Programming\Projects\Clones\amazonclone\functions\12548 {"metadata":{"emulator":{"name":"functions"},"message":"[worker-api-8fbd3710-0f69-418d-9098-c7606908ba9d]: Assigning socketPath: \\\\?\\pipe\\E:\\Programming\\Projects\\Clones\\amazonclone\\functions\\12548"}}
[debug] [2021-04-16T18:51:25.545Z] [worker-api-8fbd3710-0f69-418d-9098-c7606908ba9d]: BUSY {"metadata":{"emulator":{"name":"functions"},"message":"[worker-api-8fbd3710-0f69-418d-9098-c7606908ba9d]: BUSY"}}
[debug] [2021-04-16T18:51:25.768Z] [runtime-status] [12548] Functions runtime initialized. {"cwd":"E:\\Programming\\Projects\\Clones\\amazonclone\\functions","node_version":"14.16.1"} {"metadata":{"emulator":{"name":"functions"},"function":{"name":"api"},"message":"[runtime-status] [12548] Functions runtime initialized. {\"cwd\":\"E:\\\\Programming\\\\Projects\\\\Clones\\\\amazonclone\\\\functions\",\"node_version\":\"14.16.1\"}"}}
[debug] [2021-04-16T18:51:25.769Z] [runtime-status] [12548] Disabled runtime features: undefined {"metadata":{"emulator":{"name":"functions"},"function":{"name":"api"},"message":"[runtime-status] [12548] Disabled runtime features: undefined"}}
[debug] [2021-04-16T18:51:25.773Z] [runtime-status] [12548] Resolved module firebase-admin {"declared":true,"installed":true,"version":"9.6.0","resolution":"E:\\Programming\\Projects\\Clones\\amazonclone\\functions\\node_modules\\firebase-admin\\lib\\index.js"} {"metadata":{"emulator":{"name":"functions"},"function":{"name":"api"},"message":"[runtime-status] [12548] Resolved module firebase-admin {\"declared\":true,\"installed\":true,\"version\":\"9.6.0\",\"resolution\":\"E:\\\\Programming\\\\Projects\\\\Clones\\\\amazonclone\\\\functions\\\\node_modules\\\\firebase-admin\\\\lib\\\\index.js\"}"}}
[debug] [2021-04-16T18:51:25.776Z] [runtime-status] [12548] Resolved module firebase-functions {"declared":true,"installed":true,"version":"3.13.2","resolution":"E:\\Programming\\Projects\\Clones\\amazonclone\\functions\\node_modules\\firebase-functions\\lib\\index.js"} {"metadata":{"emulator":{"name":"functions"},"function":{"name":"api"},"message":"[runtime-status] [12548] Resolved module firebase-functions {\"declared\":true,\"installed\":true,\"version\":\"3.13.2\",\"resolution\":\"E:\\\\Programming\\\\Projects\\\\Clones\\\\amazonclone\\\\functions\\\\node_modules\\\\firebase-functions\\\\lib\\\\index.js\"}"}}
[debug] [2021-04-16T18:51:25.777Z] [runtime-status] [12548] Resolved module firebase-functions {"declared":true,"installed":true,"version":"3.13.2","resolution":"E:\\Programming\\Projects\\Clones\\amazonclone\\functions\\node_modules\\firebase-functions\\lib\\index.js"} {"metadata":{"emulator":{"name":"functions"},"function":{"name":"api"},"message":"[runtime-status] [12548] Resolved module firebase-functions {\"declared\":true,\"installed\":true,\"version\":\"3.13.2\",\"resolution\":\"E:\\\\Programming\\\\Projects\\\\Clones\\\\amazonclone\\\\functions\\\\node_modules\\\\firebase-functions\\\\lib\\\\index.js\"}"}}
[debug] [2021-04-16T18:51:25.779Z] [runtime-status] [12548] Outgoing network have been stubbed. [{"name":"http","status":"mocked"},{"name":"http","status":"mocked"},{"name":"https","status":"mocked"},{"name":"https","status":"mocked"},{"name":"net","status":"mocked"}] {"metadata":{"emulator":{"name":"functions"},"function":{"name":"api"},"message":"[runtime-status] [12548] Outgoing network have been stubbed. [{\"name\":\"http\",\"status\":\"mocked\"},{\"name\":\"http\",\"status\":\"mocked\"},{\"name\":\"https\",\"status\":\"mocked\"},{\"name\":\"https\",\"status\":\"mocked\"},{\"name\":\"net\",\"status\":\"mocked\"}]"}}
[debug] [2021-04-16T18:51:25.780Z] [runtime-status] [12548] Resolved module firebase-functions {"declared":true,"installed":true,"version":"3.13.2","resolution":"E:\\Programming\\Projects\\Clones\\amazonclone\\functions\\node_modules\\firebase-functions\\lib\\index.js"} {"metadata":{"emulator":{"name":"functions"},"function":{"name":"api"},"message":"[runtime-status] [12548] Resolved module firebase-functions {\"declared\":true,\"installed\":true,\"version\":\"3.13.2\",\"resolution\":\"E:\\\\Programming\\\\Projects\\\\Clones\\\\amazonclone\\\\functions\\\\node_modules\\\\firebase-functions\\\\lib\\\\index.js\"}"}}
[debug] [2021-04-16T18:51:25.842Z] [runtime-status] [12548] Checked functions.config() {"config":{}} {"metadata":{"emulator":{"name":"functions"},"function":{"name":"api"},"message":"[runtime-status] [12548] Checked functions.config() {\"config\":{}}"}}
[debug] [2021-04-16T18:51:25.843Z] [runtime-status] [12548] firebase-functions has been stubbed. {"functionsResolution":{"declared":true,"installed":true,"version":"3.13.2","resolution":"E:\\Programming\\Projects\\Clones\\amazonclone\\functions\\node_modules\\firebase-functions\\lib\\index.js"}} {"metadata":{"emulator":{"name":"functions"},"function":{"name":"api"},"message":"[runtime-status] [12548] firebase-functions has been stubbed. {\"functionsResolution\":{\"declared\":true,\"installed\":true,\"version\":\"3.13.2\",\"resolution\":\"E:\\\\Programming\\\\Projects\\\\Clones\\\\amazonclone\\\\functions\\\\node_modules\\\\firebase-functions\\\\lib\\\\index.js\"}}"}}
[debug] [2021-04-16T18:51:25.843Z] [runtime-status] [12548] Resolved module firebase-functions {"declared":true,"installed":true,"version":"3.13.2","resolution":"E:\\Programming\\Projects\\Clones\\amazonclone\\functions\\node_modules\\firebase-functions\\lib\\index.js"} {"metadata":{"emulator":{"name":"functions"},"function":{"name":"api"},"message":"[runtime-status] [12548] Resolved module firebase-functions {\"declared\":true,\"installed\":true,\"version\":\"3.13.2\",\"resolution\":\"E:\\\\Programming\\\\Projects\\\\Clones\\\\amazonclone\\\\functions\\\\node_modules\\\\firebase-functions\\\\lib\\\\index.js\"}"}}
[debug] [2021-04-16T18:51:25.845Z] [runtime-status] [12548] Resolved module firebase-admin {"declared":true,"installed":true,"version":"9.6.0","resolution":"E:\\Programming\\Projects\\Clones\\amazonclone\\functions\\node_modules\\firebase-admin\\lib\\index.js"} {"metadata":{"emulator":{"name":"functions"},"function":{"name":"api"},"message":"[runtime-status] [12548] Resolved module firebase-admin {\"declared\":true,\"installed\":true,\"version\":\"9.6.0\",\"resolution\":\"E:\\\\Programming\\\\Projects\\\\Clones\\\\amazonclone\\\\functions\\\\node_modules\\\\firebase-admin\\\\lib\\\\index.js\"}"}}
[debug] [2021-04-16T18:51:25.845Z] [runtime-status] [12548] Resolved module firebase-functions {"declared":true,"installed":true,"version":"3.13.2","resolution":"E:\\Programming\\Projects\\Clones\\amazonclone\\functions\\node_modules\\firebase-functions\\lib\\index.js"} {"metadata":{"emulator":{"name":"functions"},"function":{"name":"api"},"message":"[runtime-status] [12548] Resolved module firebase-functions {\"declared\":true,\"installed\":true,\"version\":\"3.13.2\",\"resolution\":\"E:\\\\Programming\\\\Projects\\\\Clones\\\\amazonclone\\\\functions\\\\node_modules\\\\firebase-functions\\\\lib\\\\index.js\"}"}}
[debug] [2021-04-16T18:51:25.846Z] [runtime-status] [12548] firebase-admin has been stubbed. {"adminResolution":{"declared":true,"installed":true,"version":"9.6.0","resolution":"E:\\Programming\\Projects\\Clones\\amazonclone\\functions\\node_modules\\firebase-admin\\lib\\index.js"}} {"metadata":{"emulator":{"name":"functions"},"function":{"name":"api"},"message":"[runtime-status] [12548] firebase-admin has been stubbed. {\"adminResolution\":{\"declared\":true,\"installed\":true,\"version\":\"9.6.0\",\"resolution\":\"E:\\\\Programming\\\\Projects\\\\Clones\\\\amazonclone\\\\functions\\\\node_modules\\\\firebase-admin\\\\lib\\\\index.js\"}}"}}
[debug] [2021-04-16T18:51:26.122Z] [runtime-status] [12548] Trigger "api" has been found, beginning invocation! {"metadata":{"emulator":{"name":"functions"},"function":{"name":"api"},"message":"[runtime-status] [12548] Trigger \"api\" has been found, beginning invocation!"}}
[info] i  functions: Beginning execution of "api" {"metadata":{"emulator":{"name":"functions"},"function":{"name":"api"},"message":"Beginning execution of \"api\""}}
[debug] [2021-04-16T18:51:26.123Z] [runtime-status] [12548] triggerDefinition {"httpsTrigger":{},"name":"api","entryPoint":"api"} {"metadata":{"emulator":{"name":"functions"},"function":{"name":"api"},"message":"[runtime-status] [12548] triggerDefinition {\"httpsTrigger\":{},\"name\":\"api\",\"entryPoint\":\"api\"}"}}
[debug] [2021-04-16T18:51:26.123Z] [runtime-status] [12548] Running api in mode HTTPS {"metadata":{"emulator":{"name":"functions"},"function":{"name":"api"},"message":"[runtime-status] [12548] Running api in mode HTTPS"}}
[debug] [2021-04-16T18:51:26.126Z] [runtime-status] [12548] Attempting to listen to socketPath: \\?\pipe\E:\Programming\Projects\Clones\amazonclone\functions\12548 {"metadata":{"emulator":{"name":"functions"},"function":{"name":"api"},"message":"[runtime-status] [12548] Attempting to listen to socketPath: \\\\?\\pipe\\E:\\Programming\\Projects\\Clones\\amazonclone\\functions\\12548"}}
[debug] [2021-04-16T18:51:26.128Z] [functions] Runtime ready! Sending request! {"metadata":{"emulator":{"name":"functions"},"message":"[functions] Runtime ready! Sending request!"}}
[debug] [2021-04-16T18:51:26.129Z] [functions] Got req.url=/clone-a5751/us-central1/api, mapping to path=/ {"metadata":{"emulator":{"name":"functions"},"message":"[functions] Got req.url=/clone-a5751/us-central1/api, mapping to path=/"}}
[debug] [2021-04-16T18:51:26.136Z] [runtime-status] [12548] Ephemeral server handling GET request {"metadata":{"emulator":{"name":"functions"},"function":{"name":"api"},"message":"[runtime-status] [12548] Ephemeral server handling GET request"}}
[debug] [2021-04-16T18:51:26.145Z] [runtime-status] [12548] Ephemeral server survived. {"metadata":{"emulator":{"name":"functions"},"function":{"name":"api"},"message":"[runtime-status] [12548] Ephemeral server survived."}}
[info] i  functions: Finished "api" in ~1s {"metadata":{"emulator":{"name":"functions"},"function":{"name":"api"},"message":"Finished \"api\" in ~1s"}}
[debug] [2021-04-16T18:51:26.147Z] [worker-api-8fbd3710-0f69-418d-9098-c7606908ba9d]: IDLE {"metadata":{"emulator":{"name":"functions"},"message":"[worker-api-8fbd3710-0f69-418d-9098-c7606908ba9d]: IDLE"}}
[debug] [2021-04-16T18:51:26.148Z] [work-queue] {"queueLength":0,"workRunningCount":0}
[debug] [2021-04-16T18:51:26.186Z] Functions emulator received unknown request at path /favicon.ico
[debug] [2021-04-16T18:52:44.063Z] Functions emulator received unknown request at path /payments/create
[debug] [2021-04-16T18:52:44.104Z] Functions emulator received unknown request at path /favicon.ico
[debug] [2021-04-16T18:57:28.450Z] File E:\Programming\Projects\Clones\amazonclone\functions\index.js changed, reloading triggers {"metadata":{"emulator":{"name":"functions"},"message":"File E:\\Programming\\Projects\\Clones\\amazonclone\\functions\\index.js changed, reloading triggers"}}
[debug] [2021-04-16T18:57:29.455Z] [worker-pool] Shutting down IDLE worker (~diagnostic~) {"metadata":{"emulator":{"name":"functions"},"message":"[worker-pool] Shutting down IDLE worker (~diagnostic~)"}}
[debug] [2021-04-16T18:57:29.455Z] [worker-~diagnostic~-ca12b693-4264-44f0-b625-c6fc9454d77f]: FINISHING {"metadata":{"emulator":{"name":"functions"},"message":"[worker-~diagnostic~-ca12b693-4264-44f0-b625-c6fc9454d77f]: FINISHING"}}
[debug] [2021-04-16T18:57:29.456Z] [worker-pool] Shutting down IDLE worker (api) {"metadata":{"emulator":{"name":"functions"},"message":"[worker-pool] Shutting down IDLE worker (api)"}}
[debug] [2021-04-16T18:57:29.456Z] [worker-api-8fbd3710-0f69-418d-9098-c7606908ba9d]: FINISHING {"metadata":{"emulator":{"name":"functions"},"message":"[worker-api-8fbd3710-0f69-418d-9098-c7606908ba9d]: FINISHING"}}
[debug] [2021-04-16T18:57:29.460Z] [worker-pool] addWorker(~diagnostic~) {"metadata":{"emulator":{"name":"functions"},"message":"[worker-pool] addWorker(~diagnostic~)"}}
[debug] [2021-04-16T18:57:29.460Z] [worker-pool] Adding worker with key ~diagnostic~, total=2 {"metadata":{"emulator":{"name":"functions"},"message":"[worker-pool] Adding worker with key ~diagnostic~, total=2"}}
[debug] [2021-04-16T18:57:29.461Z] [worker-pool] submitWork(triggerId=) {"metadata":{"emulator":{"name":"functions"},"message":"[worker-pool] submitWork(triggerId=)"}}
[debug] [2021-04-16T18:57:29.461Z] [worker-~diagnostic~-4a1c32f0-b89d-4d70-b307-e6c51eb5b096]: Assigning socketPath: \\?\pipe\E:\Programming\Projects\Clones\amazonclone\functions\14608 {"metadata":{"emulator":{"name":"functions"},"message":"[worker-~diagnostic~-4a1c32f0-b89d-4d70-b307-e6c51eb5b096]: Assigning socketPath: \\\\?\\pipe\\E:\\Programming\\Projects\\Clones\\amazonclone\\functions\\14608"}}
[debug] [2021-04-16T18:57:29.461Z] [worker-~diagnostic~-4a1c32f0-b89d-4d70-b307-e6c51eb5b096]: BUSY {"metadata":{"emulator":{"name":"functions"},"message":"[worker-~diagnostic~-4a1c32f0-b89d-4d70-b307-e6c51eb5b096]: BUSY"}}
[debug] [2021-04-16T18:57:29.462Z] [worker-~diagnostic~-ca12b693-4264-44f0-b625-c6fc9454d77f]: exited {"metadata":{"emulator":{"name":"functions"},"message":"[worker-~diagnostic~-ca12b693-4264-44f0-b625-c6fc9454d77f]: exited"}}
[debug] [2021-04-16T18:57:29.462Z] [worker-~diagnostic~-ca12b693-4264-44f0-b625-c6fc9454d77f]: FINISHED {"metadata":{"emulator":{"name":"functions"},"message":"[worker-~diagnostic~-ca12b693-4264-44f0-b625-c6fc9454d77f]: FINISHED"}}
[debug] [2021-04-16T18:57:29.462Z] [worker-api-8fbd3710-0f69-418d-9098-c7606908ba9d]: exited {"metadata":{"emulator":{"name":"functions"},"message":"[worker-api-8fbd3710-0f69-418d-9098-c7606908ba9d]: exited"}}
[debug] [2021-04-16T18:57:29.462Z] [worker-api-8fbd3710-0f69-418d-9098-c7606908ba9d]: FINISHED {"metadata":{"emulator":{"name":"functions"},"message":"[worker-api-8fbd3710-0f69-418d-9098-c7606908ba9d]: FINISHED"}}
[debug] [2021-04-16T18:57:29.690Z] [runtime-status] [14608] Functions runtime initialized. {"cwd":"E:\\Programming\\Projects\\Clones\\amazonclone\\functions","node_version":"14.16.1"} {"metadata":{"emulator":{"name":"functions"},"message":"[runtime-status] [14608] Functions runtime initialized. {\"cwd\":\"E:\\\\Programming\\\\Projects\\\\Clones\\\\amazonclone\\\\functions\",\"node_version\":\"14.16.1\"}"}}
[debug] [2021-04-16T18:57:29.691Z] [runtime-status] [14608] Disabled runtime features: undefined {"metadata":{"emulator":{"name":"functions"},"message":"[runtime-status] [14608] Disabled runtime features: undefined"}}
[debug] [2021-04-16T18:57:29.695Z] [runtime-status] [14608] Resolved module firebase-admin {"declared":true,"installed":true,"version":"9.6.0","resolution":"E:\\Programming\\Projects\\Clones\\amazonclone\\functions\\node_modules\\firebase-admin\\lib\\index.js"} {"metadata":{"emulator":{"name":"functions"},"message":"[runtime-status] [14608] Resolved module firebase-admin {\"declared\":true,\"installed\":true,\"version\":\"9.6.0\",\"resolution\":\"E:\\\\Programming\\\\Projects\\\\Clones\\\\amazonclone\\\\functions\\\\node_modules\\\\firebase-admin\\\\lib\\\\index.js\"}"}}
[debug] [2021-04-16T18:57:29.697Z] [runtime-status] [14608] Resolved module firebase-functions {"declared":true,"installed":true,"version":"3.13.2","resolution":"E:\\Programming\\Projects\\Clones\\amazonclone\\functions\\node_modules\\firebase-functions\\lib\\index.js"} {"metadata":{"emulator":{"name":"functions"},"message":"[runtime-status] [14608] Resolved module firebase-functions {\"declared\":true,\"installed\":true,\"version\":\"3.13.2\",\"resolution\":\"E:\\\\Programming\\\\Projects\\\\Clones\\\\amazonclone\\\\functions\\\\node_modules\\\\firebase-functions\\\\lib\\\\index.js\"}"}}
[debug] [2021-04-16T18:57:29.699Z] [runtime-status] [14608] Resolved module firebase-functions {"declared":true,"installed":true,"version":"3.13.2","resolution":"E:\\Programming\\Projects\\Clones\\amazonclone\\functions\\node_modules\\firebase-functions\\lib\\index.js"} {"metadata":{"emulator":{"name":"functions"},"message":"[runtime-status] [14608] Resolved module firebase-functions {\"declared\":true,\"installed\":true,\"version\":\"3.13.2\",\"resolution\":\"E:\\\\Programming\\\\Projects\\\\Clones\\\\amazonclone\\\\functions\\\\node_modules\\\\firebase-functions\\\\lib\\\\index.js\"}"}}
[debug] [2021-04-16T18:57:29.700Z] [runtime-status] [14608] Outgoing network have been stubbed. [{"name":"http","status":"mocked"},{"name":"http","status":"mocked"},{"name":"https","status":"mocked"},{"name":"https","status":"mocked"},{"name":"net","status":"mocked"}] {"metadata":{"emulator":{"name":"functions"},"message":"[runtime-status] [14608] Outgoing network have been stubbed. [{\"name\":\"http\",\"status\":\"mocked\"},{\"name\":\"http\",\"status\":\"mocked\"},{\"name\":\"https\",\"status\":\"mocked\"},{\"name\":\"https\",\"status\":\"mocked\"},{\"name\":\"net\",\"status\":\"mocked\"}]"}}
[debug] [2021-04-16T18:57:29.701Z] [runtime-status] [14608] Resolved module firebase-functions {"declared":true,"installed":true,"version":"3.13.2","resolution":"E:\\Programming\\Projects\\Clones\\amazonclone\\functions\\node_modules\\firebase-functions\\lib\\index.js"} {"metadata":{"emulator":{"name":"functions"},"message":"[runtime-status] [14608] Resolved module firebase-functions {\"declared\":true,\"installed\":true,\"version\":\"3.13.2\",\"resolution\":\"E:\\\\Programming\\\\Projects\\\\Clones\\\\amazonclone\\\\functions\\\\node_modules\\\\firebase-functions\\\\lib\\\\index.js\"}"}}
[debug] [2021-04-16T18:57:29.771Z] [runtime-status] [14608] Checked functions.config() {"config":{}} {"metadata":{"emulator":{"name":"functions"},"message":"[runtime-status] [14608] Checked functions.config() {\"config\":{}}"}}
[debug] [2021-04-16T18:57:29.772Z] [runtime-status] [14608] firebase-functions has been stubbed. {"functionsResolution":{"declared":true,"installed":true,"version":"3.13.2","resolution":"E:\\Programming\\Projects\\Clones\\amazonclone\\functions\\node_modules\\firebase-functions\\lib\\index.js"}} {"metadata":{"emulator":{"name":"functions"},"message":"[runtime-status] [14608] firebase-functions has been stubbed. {\"functionsResolution\":{\"declared\":true,\"installed\":true,\"version\":\"3.13.2\",\"resolution\":\"E:\\\\Programming\\\\Projects\\\\Clones\\\\amazonclone\\\\functions\\\\node_modules\\\\firebase-functions\\\\lib\\\\index.js\"}}"}}
[debug] [2021-04-16T18:57:29.772Z] [runtime-status] [14608] Resolved module firebase-functions {"declared":true,"installed":true,"version":"3.13.2","resolution":"E:\\Programming\\Projects\\Clones\\amazonclone\\functions\\node_modules\\firebase-functions\\lib\\index.js"} {"metadata":{"emulator":{"name":"functions"},"message":"[runtime-status] [14608] Resolved module firebase-functions {\"declared\":true,\"installed\":true,\"version\":\"3.13.2\",\"resolution\":\"E:\\\\Programming\\\\Projects\\\\Clones\\\\amazonclone\\\\functions\\\\node_modules\\\\firebase-functions\\\\lib\\\\index.js\"}"}}
[debug] [2021-04-16T18:57:29.774Z] [runtime-status] [14608] Resolved module firebase-admin {"declared":true,"installed":true,"version":"9.6.0","resolution":"E:\\Programming\\Projects\\Clones\\amazonclone\\functions\\node_modules\\firebase-admin\\lib\\index.js"} {"metadata":{"emulator":{"name":"functions"},"message":"[runtime-status] [14608] Resolved module firebase-admin {\"declared\":true,\"installed\":true,\"version\":\"9.6.0\",\"resolution\":\"E:\\\\Programming\\\\Projects\\\\Clones\\\\amazonclone\\\\functions\\\\node_modules\\\\firebase-admin\\\\lib\\\\index.js\"}"}}
[debug] [2021-04-16T18:57:29.774Z] [runtime-status] [14608] Resolved module firebase-functions {"declared":true,"installed":true,"version":"3.13.2","resolution":"E:\\Programming\\Projects\\Clones\\amazonclone\\functions\\node_modules\\firebase-functions\\lib\\index.js"} {"metadata":{"emulator":{"name":"functions"},"message":"[runtime-status] [14608] Resolved module firebase-functions {\"declared\":true,\"installed\":true,\"version\":\"3.13.2\",\"resolution\":\"E:\\\\Programming\\\\Projects\\\\Clones\\\\amazonclone\\\\functions\\\\node_modules\\\\firebase-functions\\\\lib\\\\index.js\"}"}}
[debug] [2021-04-16T18:57:29.775Z] [runtime-status] [14608] firebase-admin has been stubbed. {"adminResolution":{"declared":true,"installed":true,"version":"9.6.0","resolution":"E:\\Programming\\Projects\\Clones\\amazonclone\\functions\\node_modules\\firebase-admin\\lib\\index.js"}} {"metadata":{"emulator":{"name":"functions"},"message":"[runtime-status] [14608] firebase-admin has been stubbed. {\"adminResolution\":{\"declared\":true,\"installed\":true,\"version\":\"9.6.0\",\"resolution\":\"E:\\\\Programming\\\\Projects\\\\Clones\\\\amazonclone\\\\functions\\\\node_modules\\\\firebase-admin\\\\lib\\\\index.js\"}}"}}
[debug] [2021-04-16T18:57:30.068Z] [worker-~diagnostic~-4a1c32f0-b89d-4d70-b307-e6c51eb5b096]: IDLE {"metadata":{"emulator":{"name":"functions"},"message":"[worker-~diagnostic~-4a1c32f0-b89d-4d70-b307-e6c51eb5b096]: IDLE"}}
[debug] [2021-04-16T18:58:22.244Z] File E:\Programming\Projects\Clones\amazonclone\functions\package.json changed, reloading triggers {"metadata":{"emulator":{"name":"functions"},"message":"File E:\\Programming\\Projects\\Clones\\amazonclone\\functions\\package.json changed, reloading triggers"}}
[debug] [2021-04-16T18:58:23.256Z] [worker-pool] Shutting down IDLE worker (~diagnostic~) {"metadata":{"emulator":{"name":"functions"},"message":"[worker-pool] Shutting down IDLE worker (~diagnostic~)"}}
[debug] [2021-04-16T18:58:23.256Z] [worker-~diagnostic~-4a1c32f0-b89d-4d70-b307-e6c51eb5b096]: FINISHING {"metadata":{"emulator":{"name":"functions"},"message":"[worker-~diagnostic~-4a1c32f0-b89d-4d70-b307-e6c51eb5b096]: FINISHING"}}
[debug] [2021-04-16T18:58:23.256Z] [worker-pool] Cleaned up workers for ~diagnostic~: 2 --> 1 {"metadata":{"emulator":{"name":"functions"},"message":"[worker-pool] Cleaned up workers for ~diagnostic~: 2 --> 1"}}
[debug] [2021-04-16T18:58:23.256Z] [worker-pool] Cleaned up workers for api: 1 --> 0 {"metadata":{"emulator":{"name":"functions"},"message":"[worker-pool] Cleaned up workers for api: 1 --> 0"}}
[debug] [2021-04-16T18:58:23.261Z] [worker-pool] addWorker(~diagnostic~) {"metadata":{"emulator":{"name":"functions"},"message":"[worker-pool] addWorker(~diagnostic~)"}}
[debug] [2021-04-16T18:58:23.262Z] [worker-pool] Adding worker with key ~diagnostic~, total=2 {"metadata":{"emulator":{"name":"functions"},"message":"[worker-pool] Adding worker with key ~diagnostic~, total=2"}}
[debug] [2021-04-16T18:58:23.262Z] [worker-pool] submitWork(triggerId=) {"metadata":{"emulator":{"name":"functions"},"message":"[worker-pool] submitWork(triggerId=)"}}
[debug] [2021-04-16T18:58:23.262Z] [worker-~diagnostic~-7c39dd20-5d8a-421f-9061-558038b3be25]: Assigning socketPath: \\?\pipe\E:\Programming\Projects\Clones\amazonclone\functions\10612 {"metadata":{"emulator":{"name":"functions"},"message":"[worker-~diagnostic~-7c39dd20-5d8a-421f-9061-558038b3be25]: Assigning socketPath: \\\\?\\pipe\\E:\\Programming\\Projects\\Clones\\amazonclone\\functions\\10612"}}
[debug] [2021-04-16T18:58:23.262Z] [worker-~diagnostic~-7c39dd20-5d8a-421f-9061-558038b3be25]: BUSY {"metadata":{"emulator":{"name":"functions"},"message":"[worker-~diagnostic~-7c39dd20-5d8a-421f-9061-558038b3be25]: BUSY"}}
[debug] [2021-04-16T18:58:23.263Z] [worker-~diagnostic~-4a1c32f0-b89d-4d70-b307-e6c51eb5b096]: exited {"metadata":{"emulator":{"name":"functions"},"message":"[worker-~diagnostic~-4a1c32f0-b89d-4d70-b307-e6c51eb5b096]: exited"}}
[debug] [2021-04-16T18:58:23.263Z] [worker-~diagnostic~-4a1c32f0-b89d-4d70-b307-e6c51eb5b096]: FINISHED {"metadata":{"emulator":{"name":"functions"},"message":"[worker-~diagnostic~-4a1c32f0-b89d-4d70-b307-e6c51eb5b096]: FINISHED"}}
[debug] [2021-04-16T18:58:23.500Z] [runtime-status] [10612] Functions runtime initialized. {"cwd":"E:\\Programming\\Projects\\Clones\\amazonclone\\functions","node_version":"14.16.1"} {"metadata":{"emulator":{"name":"functions"},"message":"[runtime-status] [10612] Functions runtime initialized. {\"cwd\":\"E:\\\\Programming\\\\Projects\\\\Clones\\\\amazonclone\\\\functions\",\"node_version\":\"14.16.1\"}"}}
[debug] [2021-04-16T18:58:23.501Z] [runtime-status] [10612] Disabled runtime features: undefined {"metadata":{"emulator":{"name":"functions"},"message":"[runtime-status] [10612] Disabled runtime features: undefined"}}
[debug] [2021-04-16T18:58:23.505Z] [runtime-status] [10612] Resolved module firebase-admin {"declared":true,"installed":true,"version":"9.6.0","resolution":"E:\\Programming\\Projects\\Clones\\amazonclone\\functions\\node_modules\\firebase-admin\\lib\\index.js"} {"metadata":{"emulator":{"name":"functions"},"message":"[runtime-status] [10612] Resolved module firebase-admin {\"declared\":true,\"installed\":true,\"version\":\"9.6.0\",\"resolution\":\"E:\\\\Programming\\\\Projects\\\\Clones\\\\amazonclone\\\\functions\\\\node_modules\\\\firebase-admin\\\\lib\\\\index.js\"}"}}
[debug] [2021-04-16T18:58:23.508Z] [runtime-status] [10612] Resolved module firebase-functions {"declared":true,"installed":true,"version":"3.13.2","resolution":"E:\\Programming\\Projects\\Clones\\amazonclone\\functions\\node_modules\\firebase-functions\\lib\\index.js"} {"metadata":{"emulator":{"name":"functions"},"message":"[runtime-status] [10612] Resolved module firebase-functions {\"declared\":true,\"installed\":true,\"version\":\"3.13.2\",\"resolution\":\"E:\\\\Programming\\\\Projects\\\\Clones\\\\amazonclone\\\\functions\\\\node_modules\\\\firebase-functions\\\\lib\\\\index.js\"}"}}
[debug] [2021-04-16T18:58:23.509Z] [runtime-status] [10612] Resolved module firebase-functions {"declared":true,"installed":true,"version":"3.13.2","resolution":"E:\\Programming\\Projects\\Clones\\amazonclone\\functions\\node_modules\\firebase-functions\\lib\\index.js"} {"metadata":{"emulator":{"name":"functions"},"message":"[runtime-status] [10612] Resolved module firebase-functions {\"declared\":true,\"installed\":true,\"version\":\"3.13.2\",\"resolution\":\"E:\\\\Programming\\\\Projects\\\\Clones\\\\amazonclone\\\\functions\\\\node_modules\\\\firebase-functions\\\\lib\\\\index.js\"}"}}
[debug] [2021-04-16T18:58:23.511Z] [runtime-status] [10612] Outgoing network have been stubbed. [{"name":"http","status":"mocked"},{"name":"http","status":"mocked"},{"name":"https","status":"mocked"},{"name":"https","status":"mocked"},{"name":"net","status":"mocked"}] {"metadata":{"emulator":{"name":"functions"},"message":"[runtime-status] [10612] Outgoing network have been stubbed. [{\"name\":\"http\",\"status\":\"mocked\"},{\"name\":\"http\",\"status\":\"mocked\"},{\"name\":\"https\",\"status\":\"mocked\"},{\"name\":\"https\",\"status\":\"mocked\"},{\"name\":\"net\",\"status\":\"mocked\"}]"}}
[debug] [2021-04-16T18:58:23.512Z] [runtime-status] [10612] Resolved module firebase-functions {"declared":true,"installed":true,"version":"3.13.2","resolution":"E:\\Programming\\Projects\\Clones\\amazonclone\\functions\\node_modules\\firebase-functions\\lib\\index.js"} {"metadata":{"emulator":{"name":"functions"},"message":"[runtime-status] [10612] Resolved module firebase-functions {\"declared\":true,\"installed\":true,\"version\":\"3.13.2\",\"resolution\":\"E:\\\\Programming\\\\Projects\\\\Clones\\\\amazonclone\\\\functions\\\\node_modules\\\\firebase-functions\\\\lib\\\\index.js\"}"}}
[debug] [2021-04-16T18:58:23.579Z] [runtime-status] [10612] Checked functions.config() {"config":{}} {"metadata":{"emulator":{"name":"functions"},"message":"[runtime-status] [10612] Checked functions.config() {\"config\":{}}"}}
[debug] [2021-04-16T18:58:23.580Z] [runtime-status] [10612] firebase-functions has been stubbed. {"functionsResolution":{"declared":true,"installed":true,"version":"3.13.2","resolution":"E:\\Programming\\Projects\\Clones\\amazonclone\\functions\\node_modules\\firebase-functions\\lib\\index.js"}} {"metadata":{"emulator":{"name":"functions"},"message":"[runtime-status] [10612] firebase-functions has been stubbed. {\"functionsResolution\":{\"declared\":true,\"installed\":true,\"version\":\"3.13.2\",\"resolution\":\"E:\\\\Programming\\\\Projects\\\\Clones\\\\amazonclone\\\\functions\\\\node_modules\\\\firebase-functions\\\\lib\\\\index.js\"}}"}}
[debug] [2021-04-16T18:58:23.580Z] [runtime-status] [10612] Resolved module firebase-functions {"declared":true,"installed":true,"version":"3.13.2","resolution":"E:\\Programming\\Projects\\Clones\\amazonclone\\functions\\node_modules\\firebase-functions\\lib\\index.js"} {"metadata":{"emulator":{"name":"functions"},"message":"[runtime-status] [10612] Resolved module firebase-functions {\"declared\":true,\"installed\":true,\"version\":\"3.13.2\",\"resolution\":\"E:\\\\Programming\\\\Projects\\\\Clones\\\\amazonclone\\\\functions\\\\node_modules\\\\firebase-functions\\\\lib\\\\index.js\"}"}}
[debug] [2021-04-16T18:58:23.581Z] [runtime-status] [10612] Resolved module firebase-admin {"declared":true,"installed":true,"version":"9.6.0","resolution":"E:\\Programming\\Projects\\Clones\\amazonclone\\functions\\node_modules\\firebase-admin\\lib\\index.js"} {"metadata":{"emulator":{"name":"functions"},"message":"[runtime-status] [10612] Resolved module firebase-admin {\"declared\":true,\"installed\":true,\"version\":\"9.6.0\",\"resolution\":\"E:\\\\Programming\\\\Projects\\\\Clones\\\\amazonclone\\\\functions\\\\node_modules\\\\firebase-admin\\\\lib\\\\index.js\"}"}}
[debug] [2021-04-16T18:58:23.582Z] [runtime-status] [10612] Resolved module firebase-functions {"declared":true,"installed":true,"version":"3.13.2","resolution":"E:\\Programming\\Projects\\Clones\\amazonclone\\functions\\node_modules\\firebase-functions\\lib\\index.js"} {"metadata":{"emulator":{"name":"functions"},"message":"[runtime-status] [10612] Resolved module firebase-functions {\"declared\":true,\"installed\":true,\"version\":\"3.13.2\",\"resolution\":\"E:\\\\Programming\\\\Projects\\\\Clones\\\\amazonclone\\\\functions\\\\node_modules\\\\firebase-functions\\\\lib\\\\index.js\"}"}}
[debug] [2021-04-16T18:58:23.582Z] [runtime-status] [10612] firebase-admin has been stubbed. {"adminResolution":{"declared":true,"installed":true,"version":"9.6.0","resolution":"E:\\Programming\\Projects\\Clones\\amazonclone\\functions\\node_modules\\firebase-admin\\lib\\index.js"}} {"metadata":{"emulator":{"name":"functions"},"message":"[runtime-status] [10612] firebase-admin has been stubbed. {\"adminResolution\":{\"declared\":true,\"installed\":true,\"version\":\"9.6.0\",\"resolution\":\"E:\\\\Programming\\\\Projects\\\\Clones\\\\amazonclone\\\\functions\\\\node_modules\\\\firebase-admin\\\\lib\\\\index.js\"}}"}}
[debug] [2021-04-16T18:58:23.858Z] [worker-~diagnostic~-7c39dd20-5d8a-421f-9061-558038b3be25]: IDLE {"metadata":{"emulator":{"name":"functions"},"message":"[worker-~diagnostic~-7c39dd20-5d8a-421f-9061-558038b3be25]: IDLE"}}
[debug] [2021-04-16T18:58:37.055Z] File E:\Programming\Projects\Clones\amazonclone\functions\package.json changed, reloading triggers {"metadata":{"emulator":{"name":"functions"},"message":"File E:\\Programming\\Projects\\Clones\\amazonclone\\functions\\package.json changed, reloading triggers"}}
[debug] [2021-04-16T18:58:38.059Z] [worker-pool] Shutting down IDLE worker (~diagnostic~) {"metadata":{"emulator":{"name":"functions"},"message":"[worker-pool] Shutting down IDLE worker (~diagnostic~)"}}
[debug] [2021-04-16T18:58:38.059Z] [worker-~diagnostic~-7c39dd20-5d8a-421f-9061-558038b3be25]: FINISHING {"metadata":{"emulator":{"name":"functions"},"message":"[worker-~diagnostic~-7c39dd20-5d8a-421f-9061-558038b3be25]: FINISHING"}}
[debug] [2021-04-16T18:58:38.059Z] [worker-pool] Cleaned up workers for ~diagnostic~: 2 --> 1 {"metadata":{"emulator":{"name":"functions"},"message":"[worker-pool] Cleaned up workers for ~diagnostic~: 2 --> 1"}}
[debug] [2021-04-16T18:58:38.064Z] [worker-pool] addWorker(~diagnostic~) {"metadata":{"emulator":{"name":"functions"},"message":"[worker-pool] addWorker(~diagnostic~)"}}
[debug] [2021-04-16T18:58:38.064Z] [worker-pool] Adding worker with key ~diagnostic~, total=2 {"metadata":{"emulator":{"name":"functions"},"message":"[worker-pool] Adding worker with key ~diagnostic~, total=2"}}
[debug] [2021-04-16T18:58:38.064Z] [worker-pool] submitWork(triggerId=) {"metadata":{"emulator":{"name":"functions"},"message":"[worker-pool] submitWork(triggerId=)"}}
[debug] [2021-04-16T18:58:38.064Z] [worker-~diagnostic~-ce4ee7cd-c818-42c1-81c1-d85119d0847e]: Assigning socketPath: \\?\pipe\E:\Programming\Projects\Clones\amazonclone\functions\17812 {"metadata":{"emulator":{"name":"functions"},"message":"[worker-~diagnostic~-ce4ee7cd-c818-42c1-81c1-d85119d0847e]: Assigning socketPath: \\\\?\\pipe\\E:\\Programming\\Projects\\Clones\\amazonclone\\functions\\17812"}}
[debug] [2021-04-16T18:58:38.066Z] [worker-~diagnostic~-ce4ee7cd-c818-42c1-81c1-d85119d0847e]: BUSY {"metadata":{"emulator":{"name":"functions"},"message":"[worker-~diagnostic~-ce4ee7cd-c818-42c1-81c1-d85119d0847e]: BUSY"}}
[debug] [2021-04-16T18:58:38.067Z] [worker-~diagnostic~-7c39dd20-5d8a-421f-9061-558038b3be25]: exited {"metadata":{"emulator":{"name":"functions"},"message":"[worker-~diagnostic~-7c39dd20-5d8a-421f-9061-558038b3be25]: exited"}}
[debug] [2021-04-16T18:58:38.067Z] [worker-~diagnostic~-7c39dd20-5d8a-421f-9061-558038b3be25]: FINISHED {"metadata":{"emulator":{"name":"functions"},"message":"[worker-~diagnostic~-7c39dd20-5d8a-421f-9061-558038b3be25]: FINISHED"}}
[debug] [2021-04-16T18:58:38.298Z] [runtime-status] [17812] Functions runtime initialized. {"cwd":"E:\\Programming\\Projects\\Clones\\amazonclone\\functions","node_version":"14.16.1"} {"metadata":{"emulator":{"name":"functions"},"message":"[runtime-status] [17812] Functions runtime initialized. {\"cwd\":\"E:\\\\Programming\\\\Projects\\\\Clones\\\\amazonclone\\\\functions\",\"node_version\":\"14.16.1\"}"}}
[debug] [2021-04-16T18:58:38.299Z] [runtime-status] [17812] Disabled runtime features: undefined {"metadata":{"emulator":{"name":"functions"},"message":"[runtime-status] [17812] Disabled runtime features: undefined"}}
[debug] [2021-04-16T18:58:38.304Z] [runtime-status] [17812] Resolved module firebase-admin {"declared":true,"installed":true,"version":"9.6.0","resolution":"E:\\Programming\\Projects\\Clones\\amazonclone\\functions\\node_modules\\firebase-admin\\lib\\index.js"} {"metadata":{"emulator":{"name":"functions"},"message":"[runtime-status] [17812] Resolved module firebase-admin {\"declared\":true,\"installed\":true,\"version\":\"9.6.0\",\"resolution\":\"E:\\\\Programming\\\\Projects\\\\Clones\\\\amazonclone\\\\functions\\\\node_modules\\\\firebase-admin\\\\lib\\\\index.js\"}"}}
[debug] [2021-04-16T18:58:38.306Z] [runtime-status] [17812] Resolved module firebase-functions {"declared":true,"installed":true,"version":"3.13.2","resolution":"E:\\Programming\\Projects\\Clones\\amazonclone\\functions\\node_modules\\firebase-functions\\lib\\index.js"} {"metadata":{"emulator":{"name":"functions"},"message":"[runtime-status] [17812] Resolved module firebase-functions {\"declared\":true,\"installed\":true,\"version\":\"3.13.2\",\"resolution\":\"E:\\\\Programming\\\\Projects\\\\Clones\\\\amazonclone\\\\functions\\\\node_modules\\\\firebase-functions\\\\lib\\\\index.js\"}"}}
[debug] [2021-04-16T18:58:38.307Z] [runtime-status] [17812] Resolved module firebase-functions {"declared":true,"installed":true,"version":"3.13.2","resolution":"E:\\Programming\\Projects\\Clones\\amazonclone\\functions\\node_modules\\firebase-functions\\lib\\index.js"} {"metadata":{"emulator":{"name":"functions"},"message":"[runtime-status] [17812] Resolved module firebase-functions {\"declared\":true,\"installed\":true,\"version\":\"3.13.2\",\"resolution\":\"E:\\\\Programming\\\\Projects\\\\Clones\\\\amazonclone\\\\functions\\\\node_modules\\\\firebase-functions\\\\lib\\\\index.js\"}"}}
[debug] [2021-04-16T18:58:38.309Z] [runtime-status] [17812] Outgoing network have been stubbed. [{"name":"http","status":"mocked"},{"name":"http","status":"mocked"},{"name":"https","status":"mocked"},{"name":"https","status":"mocked"},{"name":"net","status":"mocked"}] {"metadata":{"emulator":{"name":"functions"},"message":"[runtime-status] [17812] Outgoing network have been stubbed. [{\"name\":\"http\",\"status\":\"mocked\"},{\"name\":\"http\",\"status\":\"mocked\"},{\"name\":\"https\",\"status\":\"mocked\"},{\"name\":\"https\",\"status\":\"mocked\"},{\"name\":\"net\",\"status\":\"mocked\"}]"}}
[debug] [2021-04-16T18:58:38.310Z] [runtime-status] [17812] Resolved module firebase-functions {"declared":true,"installed":true,"version":"3.13.2","resolution":"E:\\Programming\\Projects\\Clones\\amazonclone\\functions\\node_modules\\firebase-functions\\lib\\index.js"} {"metadata":{"emulator":{"name":"functions"},"message":"[runtime-status] [17812] Resolved module firebase-functions {\"declared\":true,\"installed\":true,\"version\":\"3.13.2\",\"resolution\":\"E:\\\\Programming\\\\Projects\\\\Clones\\\\amazonclone\\\\functions\\\\node_modules\\\\firebase-functions\\\\lib\\\\index.js\"}"}}
[debug] [2021-04-16T18:58:38.376Z] [runtime-status] [17812] Checked functions.config() {"config":{}} {"metadata":{"emulator":{"name":"functions"},"message":"[runtime-status] [17812] Checked functions.config() {\"config\":{}}"}}
[debug] [2021-04-16T18:58:38.376Z] [runtime-status] [17812] firebase-functions has been stubbed. {"functionsResolution":{"declared":true,"installed":true,"version":"3.13.2","resolution":"E:\\Programming\\Projects\\Clones\\amazonclone\\functions\\node_modules\\firebase-functions\\lib\\index.js"}} {"metadata":{"emulator":{"name":"functions"},"message":"[runtime-status] [17812] firebase-functions has been stubbed. {\"functionsResolution\":{\"declared\":true,\"installed\":true,\"version\":\"3.13.2\",\"resolution\":\"E:\\\\Programming\\\\Projects\\\\Clones\\\\amazonclone\\\\functions\\\\node_modules\\\\firebase-functions\\\\lib\\\\index.js\"}}"}}
[debug] [2021-04-16T18:58:38.377Z] [runtime-status] [17812] Resolved module firebase-functions {"declared":true,"installed":true,"version":"3.13.2","resolution":"E:\\Programming\\Projects\\Clones\\amazonclone\\functions\\node_modules\\firebase-functions\\lib\\index.js"} {"metadata":{"emulator":{"name":"functions"},"message":"[runtime-status] [17812] Resolved module firebase-functions {\"declared\":true,\"installed\":true,\"version\":\"3.13.2\",\"resolution\":\"E:\\\\Programming\\\\Projects\\\\Clones\\\\amazonclone\\\\functions\\\\node_modules\\\\firebase-functions\\\\lib\\\\index.js\"}"}}
[debug] [2021-04-16T18:58:38.378Z] [runtime-status] [17812] Resolved module firebase-admin {"declared":true,"installed":true,"version":"9.6.0","resolution":"E:\\Programming\\Projects\\Clones\\amazonclone\\functions\\node_modules\\firebase-admin\\lib\\index.js"} {"metadata":{"emulator":{"name":"functions"},"message":"[runtime-status] [17812] Resolved module firebase-admin {\"declared\":true,\"installed\":true,\"version\":\"9.6.0\",\"resolution\":\"E:\\\\Programming\\\\Projects\\\\Clones\\\\amazonclone\\\\functions\\\\node_modules\\\\firebase-admin\\\\lib\\\\index.js\"}"}}
[debug] [2021-04-16T18:58:38.379Z] [runtime-status] [17812] Resolved module firebase-functions {"declared":true,"installed":true,"version":"3.13.2","resolution":"E:\\Programming\\Projects\\Clones\\amazonclone\\functions\\node_modules\\firebase-functions\\lib\\index.js"} {"metadata":{"emulator":{"name":"functions"},"message":"[runtime-status] [17812] Resolved module firebase-functions {\"declared\":true,\"installed\":true,\"version\":\"3.13.2\",\"resolution\":\"E:\\\\Programming\\\\Projects\\\\Clones\\\\amazonclone\\\\functions\\\\node_modules\\\\firebase-functions\\\\lib\\\\index.js\"}"}}
[debug] [2021-04-16T18:58:38.379Z] [runtime-status] [17812] firebase-admin has been stubbed. {"adminResolution":{"declared":true,"installed":true,"version":"9.6.0","resolution":"E:\\Programming\\Projects\\Clones\\amazonclone\\functions\\node_modules\\firebase-admin\\lib\\index.js"}} {"metadata":{"emulator":{"name":"functions"},"message":"[runtime-status] [17812] firebase-admin has been stubbed. {\"adminResolution\":{\"declared\":true,\"installed\":true,\"version\":\"9.6.0\",\"resolution\":\"E:\\\\Programming\\\\Projects\\\\Clones\\\\amazonclone\\\\functions\\\\node_modules\\\\firebase-admin\\\\lib\\\\index.js\"}}"}}
[debug] [2021-04-16T18:58:38.650Z] [worker-~diagnostic~-ce4ee7cd-c818-42c1-81c1-d85119d0847e]: IDLE {"metadata":{"emulator":{"name":"functions"},"message":"[worker-~diagnostic~-ce4ee7cd-c818-42c1-81c1-d85119d0847e]: IDLE"}}
[debug] [2021-04-16T21:30:08.303Z] File E:\Programming\Projects\Clones\amazonclone\functions\index.js changed, reloading triggers {"metadata":{"emulator":{"name":"functions"},"message":"File E:\\Programming\\Projects\\Clones\\amazonclone\\functions\\index.js changed, reloading triggers"}}
[debug] [2021-04-16T21:30:09.313Z] [worker-pool] Shutting down IDLE worker (~diagnostic~) {"metadata":{"emulator":{"name":"functions"},"message":"[worker-pool] Shutting down IDLE worker (~diagnostic~)"}}
[debug] [2021-04-16T21:30:09.313Z] [worker-~diagnostic~-ce4ee7cd-c818-42c1-81c1-d85119d0847e]: FINISHING {"metadata":{"emulator":{"name":"functions"},"message":"[worker-~diagnostic~-ce4ee7cd-c818-42c1-81c1-d85119d0847e]: FINISHING"}}
[debug] [2021-04-16T21:30:09.314Z] [worker-pool] Cleaned up workers for ~diagnostic~: 2 --> 1 {"metadata":{"emulator":{"name":"functions"},"message":"[worker-pool] Cleaned up workers for ~diagnostic~: 2 --> 1"}}
[debug] [2021-04-16T21:30:09.338Z] [worker-pool] addWorker(~diagnostic~) {"metadata":{"emulator":{"name":"functions"},"message":"[worker-pool] addWorker(~diagnostic~)"}}
[debug] [2021-04-16T21:30:09.338Z] [worker-pool] Adding worker with key ~diagnostic~, total=2 {"metadata":{"emulator":{"name":"functions"},"message":"[worker-pool] Adding worker with key ~diagnostic~, total=2"}}
[debug] [2021-04-16T21:30:09.338Z] [worker-pool] submitWork(triggerId=) {"metadata":{"emulator":{"name":"functions"},"message":"[worker-pool] submitWork(triggerId=)"}}
[debug] [2021-04-16T21:30:09.339Z] [worker-~diagnostic~-59cb68ba-3a1e-4293-8926-581323971e0c]: Assigning socketPath: \\?\pipe\E:\Programming\Projects\Clones\amazonclone\functions\6276 {"metadata":{"emulator":{"name":"functions"},"message":"[worker-~diagnostic~-59cb68ba-3a1e-4293-8926-581323971e0c]: Assigning socketPath: \\\\?\\pipe\\E:\\Programming\\Projects\\Clones\\amazonclone\\functions\\6276"}}
[debug] [2021-04-16T21:30:09.339Z] [worker-~diagnostic~-59cb68ba-3a1e-4293-8926-581323971e0c]: BUSY {"metadata":{"emulator":{"name":"functions"},"message":"[worker-~diagnostic~-59cb68ba-3a1e-4293-8926-581323971e0c]: BUSY"}}
[debug] [2021-04-16T21:30:09.340Z] [worker-~diagnostic~-ce4ee7cd-c818-42c1-81c1-d85119d0847e]: exited {"metadata":{"emulator":{"name":"functions"},"message":"[worker-~diagnostic~-ce4ee7cd-c818-42c1-81c1-d85119d0847e]: exited"}}
[debug] [2021-04-16T21:30:09.340Z] [worker-~diagnostic~-ce4ee7cd-c818-42c1-81c1-d85119d0847e]: FINISHED {"metadata":{"emulator":{"name":"functions"},"message":"[worker-~diagnostic~-ce4ee7cd-c818-42c1-81c1-d85119d0847e]: FINISHED"}}
[debug] [2021-04-16T21:30:09.643Z] [runtime-status] [6276] Functions runtime initialized. {"cwd":"E:\\Programming\\Projects\\Clones\\amazonclone\\functions","node_version":"14.16.1"} {"metadata":{"emulator":{"name":"functions"},"message":"[runtime-status] [6276] Functions runtime initialized. {\"cwd\":\"E:\\\\Programming\\\\Projects\\\\Clones\\\\amazonclone\\\\functions\",\"node_version\":\"14.16.1\"}"}}
[debug] [2021-04-16T21:30:09.644Z] [runtime-status] [6276] Disabled runtime features: undefined {"metadata":{"emulator":{"name":"functions"},"message":"[runtime-status] [6276] Disabled runtime features: undefined"}}
[debug] [2021-04-16T21:30:09.668Z] [runtime-status] [6276] Resolved module firebase-admin {"declared":true,"installed":true,"version":"9.6.0","resolution":"E:\\Programming\\Projects\\Clones\\amazonclone\\functions\\node_modules\\firebase-admin\\lib\\index.js"} {"metadata":{"emulator":{"name":"functions"},"message":"[runtime-status] [6276] Resolved module firebase-admin {\"declared\":true,\"installed\":true,\"version\":\"9.6.0\",\"resolution\":\"E:\\\\Programming\\\\Projects\\\\Clones\\\\amazonclone\\\\functions\\\\node_modules\\\\firebase-admin\\\\lib\\\\index.js\"}"}}
[debug] [2021-04-16T21:30:09.680Z] [runtime-status] [6276] Resolved module firebase-functions {"declared":true,"installed":true,"version":"3.13.2","resolution":"E:\\Programming\\Projects\\Clones\\amazonclone\\functions\\node_modules\\firebase-functions\\lib\\index.js"} {"metadata":{"emulator":{"name":"functions"},"message":"[runtime-status] [6276] Resolved module firebase-functions {\"declared\":true,\"installed\":true,\"version\":\"3.13.2\",\"resolution\":\"E:\\\\Programming\\\\Projects\\\\Clones\\\\amazonclone\\\\functions\\\\node_modules\\\\firebase-functions\\\\lib\\\\index.js\"}"}}
[debug] [2021-04-16T21:30:09.680Z] [runtime-status] [6276] Resolved module firebase-functions {"declared":true,"installed":true,"version":"3.13.2","resolution":"E:\\Programming\\Projects\\Clones\\amazonclone\\functions\\node_modules\\firebase-functions\\lib\\index.js"} {"metadata":{"emulator":{"name":"functions"},"message":"[runtime-status] [6276] Resolved module firebase-functions {\"declared\":true,\"installed\":true,\"version\":\"3.13.2\",\"resolution\":\"E:\\\\Programming\\\\Projects\\\\Clones\\\\amazonclone\\\\functions\\\\node_modules\\\\firebase-functions\\\\lib\\\\index.js\"}"}}
[debug] [2021-04-16T21:30:09.680Z] [runtime-status] [6276] Outgoing network have been stubbed. [{"name":"http","status":"mocked"},{"name":"http","status":"mocked"},{"name":"https","status":"mocked"},{"name":"https","status":"mocked"},{"name":"net","status":"mocked"}] {"metadata":{"emulator":{"name":"functions"},"message":"[runtime-status] [6276] Outgoing network have been stubbed. [{\"name\":\"http\",\"status\":\"mocked\"},{\"name\":\"http\",\"status\":\"mocked\"},{\"name\":\"https\",\"status\":\"mocked\"},{\"name\":\"https\",\"status\":\"mocked\"},{\"name\":\"net\",\"status\":\"mocked\"}]"}}
[debug] [2021-04-16T21:30:09.681Z] [runtime-status] [6276] Resolved module firebase-functions {"declared":true,"installed":true,"version":"3.13.2","resolution":"E:\\Programming\\Projects\\Clones\\amazonclone\\functions\\node_modules\\firebase-functions\\lib\\index.js"} {"metadata":{"emulator":{"name":"functions"},"message":"[runtime-status] [6276] Resolved module firebase-functions {\"declared\":true,\"installed\":true,\"version\":\"3.13.2\",\"resolution\":\"E:\\\\Programming\\\\Projects\\\\Clones\\\\amazonclone\\\\functions\\\\node_modules\\\\firebase-functions\\\\lib\\\\index.js\"}"}}
[debug] [2021-04-16T21:30:10.313Z] [runtime-status] [6276] Checked functions.config() {"config":{}} {"metadata":{"emulator":{"name":"functions"},"message":"[runtime-status] [6276] Checked functions.config() {\"config\":{}}"}}
[debug] [2021-04-16T21:30:10.313Z] [runtime-status] [6276] firebase-functions has been stubbed. {"functionsResolution":{"declared":true,"installed":true,"version":"3.13.2","resolution":"E:\\Programming\\Projects\\Clones\\amazonclone\\functions\\node_modules\\firebase-functions\\lib\\index.js"}} {"metadata":{"emulator":{"name":"functions"},"message":"[runtime-status] [6276] firebase-functions has been stubbed. {\"functionsResolution\":{\"declared\":true,\"installed\":true,\"version\":\"3.13.2\",\"resolution\":\"E:\\\\Programming\\\\Projects\\\\Clones\\\\amazonclone\\\\functions\\\\node_modules\\\\firebase-functions\\\\lib\\\\index.js\"}}"}}
[debug] [2021-04-16T21:30:10.314Z] [runtime-status] [6276] Resolved module firebase-functions {"declared":true,"installed":true,"version":"3.13.2","resolution":"E:\\Programming\\Projects\\Clones\\amazonclone\\functions\\node_modules\\firebase-functions\\lib\\index.js"} {"metadata":{"emulator":{"name":"functions"},"message":"[runtime-status] [6276] Resolved module firebase-functions {\"declared\":true,\"installed\":true,\"version\":\"3.13.2\",\"resolution\":\"E:\\\\Programming\\\\Projects\\\\Clones\\\\amazonclone\\\\functions\\\\node_modules\\\\firebase-functions\\\\lib\\\\index.js\"}"}}
[debug] [2021-04-16T21:30:10.315Z] [runtime-status] [6276] Resolved module firebase-admin {"declared":true,"installed":true,"version":"9.6.0","resolution":"E:\\Programming\\Projects\\Clones\\amazonclone\\functions\\node_modules\\firebase-admin\\lib\\index.js"} {"metadata":{"emulator":{"name":"functions"},"message":"[runtime-status] [6276] Resolved module firebase-admin {\"declared\":true,\"installed\":true,\"version\":\"9.6.0\",\"resolution\":\"E:\\\\Programming\\\\Projects\\\\Clones\\\\amazonclone\\\\functions\\\\node_modules\\\\firebase-admin\\\\lib\\\\index.js\"}"}}
[debug] [2021-04-16T21:30:10.316Z] [runtime-status] [6276] Resolved module firebase-functions {"declared":true,"installed":true,"version":"3.13.2","resolution":"E:\\Programming\\Projects\\Clones\\amazonclone\\functions\\node_modules\\firebase-functions\\lib\\index.js"} {"metadata":{"emulator":{"name":"functions"},"message":"[runtime-status] [6276] Resolved module firebase-functions {\"declared\":true,\"installed\":true,\"version\":\"3.13.2\",\"resolution\":\"E:\\\\Programming\\\\Projects\\\\Clones\\\\amazonclone\\\\functions\\\\node_modules\\\\firebase-functions\\\\lib\\\\index.js\"}"}}
[debug] [2021-04-16T21:30:10.316Z] [runtime-status] [6276] firebase-admin has been stubbed. {"adminResolution":{"declared":true,"installed":true,"version":"9.6.0","resolution":"E:\\Programming\\Projects\\Clones\\amazonclone\\functions\\node_modules\\firebase-admin\\lib\\index.js"}} {"metadata":{"emulator":{"name":"functions"},"message":"[runtime-status] [6276] firebase-admin has been stubbed. {\"adminResolution\":{\"declared\":true,\"installed\":true,\"version\":\"9.6.0\",\"resolution\":\"E:\\\\Programming\\\\Projects\\\\Clones\\\\amazonclone\\\\functions\\\\node_modules\\\\firebase-admin\\\\lib\\\\index.js\"}}"}}
[debug] [2021-04-16T21:30:11.693Z] [worker-~diagnostic~-59cb68ba-3a1e-4293-8926-581323971e0c]: IDLE {"metadata":{"emulator":{"name":"functions"},"message":"[worker-~diagnostic~-59cb68ba-3a1e-4293-8926-581323971e0c]: IDLE"}}
[debug] [2021-04-16T21:37:33.855Z] File E:\Programming\Projects\Clones\amazonclone\functions\index.js changed, reloading triggers {"metadata":{"emulator":{"name":"functions"},"message":"File E:\\Programming\\Projects\\Clones\\amazonclone\\functions\\index.js changed, reloading triggers"}}
[debug] [2021-04-16T21:37:34.858Z] [worker-pool] Shutting down IDLE worker (~diagnostic~) {"metadata":{"emulator":{"name":"functions"},"message":"[worker-pool] Shutting down IDLE worker (~diagnostic~)"}}
[debug] [2021-04-16T21:37:34.859Z] [worker-~diagnostic~-59cb68ba-3a1e-4293-8926-581323971e0c]: FINISHING {"metadata":{"emulator":{"name":"functions"},"message":"[worker-~diagnostic~-59cb68ba-3a1e-4293-8926-581323971e0c]: FINISHING"}}
[debug] [2021-04-16T21:37:34.859Z] [worker-pool] Cleaned up workers for ~diagnostic~: 2 --> 1 {"metadata":{"emulator":{"name":"functions"},"message":"[worker-pool] Cleaned up workers for ~diagnostic~: 2 --> 1"}}
[debug] [2021-04-16T21:37:34.864Z] [worker-pool] addWorker(~diagnostic~) {"metadata":{"emulator":{"name":"functions"},"message":"[worker-pool] addWorker(~diagnostic~)"}}
[debug] [2021-04-16T21:37:34.864Z] [worker-pool] Adding worker with key ~diagnostic~, total=2 {"metadata":{"emulator":{"name":"functions"},"message":"[worker-pool] Adding worker with key ~diagnostic~, total=2"}}
[debug] [2021-04-16T21:37:34.864Z] [worker-pool] submitWork(triggerId=) {"metadata":{"emulator":{"name":"functions"},"message":"[worker-pool] submitWork(triggerId=)"}}
[debug] [2021-04-16T21:37:34.864Z] [worker-~diagnostic~-d8a5e130-a482-4a8d-a9e1-47a107bc49ba]: Assigning socketPath: \\?\pipe\E:\Programming\Projects\Clones\amazonclone\functions\6956 {"metadata":{"emulator":{"name":"functions"},"message":"[worker-~diagnostic~-d8a5e130-a482-4a8d-a9e1-47a107bc49ba]: Assigning socketPath: \\\\?\\pipe\\E:\\Programming\\Projects\\Clones\\amazonclone\\functions\\6956"}}
[debug] [2021-04-16T21:37:34.864Z] [worker-~diagnostic~-d8a5e130-a482-4a8d-a9e1-47a107bc49ba]: BUSY {"metadata":{"emulator":{"name":"functions"},"message":"[worker-~diagnostic~-d8a5e130-a482-4a8d-a9e1-47a107bc49ba]: BUSY"}}
[debug] [2021-04-16T21:37:34.865Z] [worker-~diagnostic~-59cb68ba-3a1e-4293-8926-581323971e0c]: exited {"metadata":{"emulator":{"name":"functions"},"message":"[worker-~diagnostic~-59cb68ba-3a1e-4293-8926-581323971e0c]: exited"}}
[debug] [2021-04-16T21:37:34.865Z] [worker-~diagnostic~-59cb68ba-3a1e-4293-8926-581323971e0c]: FINISHED {"metadata":{"emulator":{"name":"functions"},"message":"[worker-~diagnostic~-59cb68ba-3a1e-4293-8926-581323971e0c]: FINISHED"}}
[debug] [2021-04-16T21:37:35.125Z] [runtime-status] [6956] Functions runtime initialized. {"cwd":"E:\\Programming\\Projects\\Clones\\amazonclone\\functions","node_version":"14.16.1"} {"metadata":{"emulator":{"name":"functions"},"message":"[runtime-status] [6956] Functions runtime initialized. {\"cwd\":\"E:\\\\Programming\\\\Projects\\\\Clones\\\\amazonclone\\\\functions\",\"node_version\":\"14.16.1\"}"}}
[debug] [2021-04-16T21:37:35.126Z] [runtime-status] [6956] Disabled runtime features: undefined {"metadata":{"emulator":{"name":"functions"},"message":"[runtime-status] [6956] Disabled runtime features: undefined"}}
[debug] [2021-04-16T21:37:35.130Z] [runtime-status] [6956] Resolved module firebase-admin {"declared":true,"installed":true,"version":"9.6.0","resolution":"E:\\Programming\\Projects\\Clones\\amazonclone\\functions\\node_modules\\firebase-admin\\lib\\index.js"} {"metadata":{"emulator":{"name":"functions"},"message":"[runtime-status] [6956] Resolved module firebase-admin {\"declared\":true,\"installed\":true,\"version\":\"9.6.0\",\"resolution\":\"E:\\\\Programming\\\\Projects\\\\Clones\\\\amazonclone\\\\functions\\\\node_modules\\\\firebase-admin\\\\lib\\\\index.js\"}"}}
[debug] [2021-04-16T21:37:35.132Z] [runtime-status] [6956] Resolved module firebase-functions {"declared":true,"installed":true,"version":"3.13.2","resolution":"E:\\Programming\\Projects\\Clones\\amazonclone\\functions\\node_modules\\firebase-functions\\lib\\index.js"} {"metadata":{"emulator":{"name":"functions"},"message":"[runtime-status] [6956] Resolved module firebase-functions {\"declared\":true,\"installed\":true,\"version\":\"3.13.2\",\"resolution\":\"E:\\\\Programming\\\\Projects\\\\Clones\\\\amazonclone\\\\functions\\\\node_modules\\\\firebase-functions\\\\lib\\\\index.js\"}"}}
[debug] [2021-04-16T21:37:35.134Z] [runtime-status] [6956] Resolved module firebase-functions {"declared":true,"installed":true,"version":"3.13.2","resolution":"E:\\Programming\\Projects\\Clones\\amazonclone\\functions\\node_modules\\firebase-functions\\lib\\index.js"} {"metadata":{"emulator":{"name":"functions"},"message":"[runtime-status] [6956] Resolved module firebase-functions {\"declared\":true,\"installed\":true,\"version\":\"3.13.2\",\"resolution\":\"E:\\\\Programming\\\\Projects\\\\Clones\\\\amazonclone\\\\functions\\\\node_modules\\\\firebase-functions\\\\lib\\\\index.js\"}"}}
[debug] [2021-04-16T21:37:35.138Z] [runtime-status] [6956] Outgoing network have been stubbed. [{"name":"http","status":"mocked"},{"name":"http","status":"mocked"},{"name":"https","status":"mocked"},{"name":"https","status":"mocked"},{"name":"net","status":"mocked"}] {"metadata":{"emulator":{"name":"functions"},"message":"[runtime-status] [6956] Outgoing network have been stubbed. [{\"name\":\"http\",\"status\":\"mocked\"},{\"name\":\"http\",\"status\":\"mocked\"},{\"name\":\"https\",\"status\":\"mocked\"},{\"name\":\"https\",\"status\":\"mocked\"},{\"name\":\"net\",\"status\":\"mocked\"}]"}}
[debug] [2021-04-16T21:37:35.139Z] [runtime-status] [6956] Resolved module firebase-functions {"declared":true,"installed":true,"version":"3.13.2","resolution":"E:\\Programming\\Projects\\Clones\\amazonclone\\functions\\node_modules\\firebase-functions\\lib\\index.js"} {"metadata":{"emulator":{"name":"functions"},"message":"[runtime-status] [6956] Resolved module firebase-functions {\"declared\":true,\"installed\":true,\"version\":\"3.13.2\",\"resolution\":\"E:\\\\Programming\\\\Projects\\\\Clones\\\\amazonclone\\\\functions\\\\node_modules\\\\firebase-functions\\\\lib\\\\index.js\"}"}}
[debug] [2021-04-16T21:37:35.211Z] [runtime-status] [6956] Checked functions.config() {"config":{}} {"metadata":{"emulator":{"name":"functions"},"message":"[runtime-status] [6956] Checked functions.config() {\"config\":{}}"}}
[debug] [2021-04-16T21:37:35.211Z] [runtime-status] [6956] firebase-functions has been stubbed. {"functionsResolution":{"declared":true,"installed":true,"version":"3.13.2","resolution":"E:\\Programming\\Projects\\Clones\\amazonclone\\functions\\node_modules\\firebase-functions\\lib\\index.js"}} {"metadata":{"emulator":{"name":"functions"},"message":"[runtime-status] [6956] firebase-functions has been stubbed. {\"functionsResolution\":{\"declared\":true,\"installed\":true,\"version\":\"3.13.2\",\"resolution\":\"E:\\\\Programming\\\\Projects\\\\Clones\\\\amazonclone\\\\functions\\\\node_modules\\\\firebase-functions\\\\lib\\\\index.js\"}}"}}
[debug] [2021-04-16T21:37:35.211Z] [runtime-status] [6956] Resolved module firebase-functions {"declared":true,"installed":true,"version":"3.13.2","resolution":"E:\\Programming\\Projects\\Clones\\amazonclone\\functions\\node_modules\\firebase-functions\\lib\\index.js"} {"metadata":{"emulator":{"name":"functions"},"message":"[runtime-status] [6956] Resolved module firebase-functions {\"declared\":true,\"installed\":true,\"version\":\"3.13.2\",\"resolution\":\"E:\\\\Programming\\\\Projects\\\\Clones\\\\amazonclone\\\\functions\\\\node_modules\\\\firebase-functions\\\\lib\\\\index.js\"}"}}
[debug] [2021-04-16T21:37:35.213Z] [runtime-status] [6956] Resolved module firebase-admin {"declared":true,"installed":true,"version":"9.6.0","resolution":"E:\\Programming\\Projects\\Clones\\amazonclone\\functions\\node_modules\\firebase-admin\\lib\\index.js"} {"metadata":{"emulator":{"name":"functions"},"message":"[runtime-status] [6956] Resolved module firebase-admin {\"declared\":true,\"installed\":true,\"version\":\"9.6.0\",\"resolution\":\"E:\\\\Programming\\\\Projects\\\\Clones\\\\amazonclone\\\\functions\\\\node_modules\\\\firebase-admin\\\\lib\\\\index.js\"}"}}
[debug] [2021-04-16T21:37:35.214Z] [runtime-status] [6956] Resolved module firebase-functions {"declared":true,"installed":true,"version":"3.13.2","resolution":"E:\\Programming\\Projects\\Clones\\amazonclone\\functions\\node_modules\\firebase-functions\\lib\\index.js"} {"metadata":{"emulator":{"name":"functions"},"message":"[runtime-status] [6956] Resolved module firebase-functions {\"declared\":true,\"installed\":true,\"version\":\"3.13.2\",\"resolution\":\"E:\\\\Programming\\\\Projects\\\\Clones\\\\amazonclone\\\\functions\\\\node_modules\\\\firebase-functions\\\\lib\\\\index.js\"}"}}
[debug] [2021-04-16T21:37:35.214Z] [runtime-status] [6956] firebase-admin has been stubbed. {"adminResolution":{"declared":true,"installed":true,"version":"9.6.0","resolution":"E:\\Programming\\Projects\\Clones\\amazonclone\\functions\\node_modules\\firebase-admin\\lib\\index.js"}} {"metadata":{"emulator":{"name":"functions"},"message":"[runtime-status] [6956] firebase-admin has been stubbed. {\"adminResolution\":{\"declared\":true,\"installed\":true,\"version\":\"9.6.0\",\"resolution\":\"E:\\\\Programming\\\\Projects\\\\Clones\\\\amazonclone\\\\functions\\\\node_modules\\\\firebase-admin\\\\lib\\\\index.js\"}}"}}
[debug] [2021-04-16T21:37:35.511Z] [worker-~diagnostic~-d8a5e130-a482-4a8d-a9e1-47a107bc49ba]: IDLE {"metadata":{"emulator":{"name":"functions"},"message":"[worker-~diagnostic~-d8a5e130-a482-4a8d-a9e1-47a107bc49ba]: IDLE"}}
